#
# A fatal error has been detected by the Java Runtime Environment:
#
#  EXCEPTION_ACCESS_VIOLATION (0xc0000005) at pc=0x00000000676a7325, pid=5808, tid=8720
#
# JRE version: Java(TM) SE Runtime Environment (8.0-b132) (build 1.8.0-b132)
# Java VM: Java HotSpot(TM) 64-Bit Server VM (25.0-b70 mixed mode windows-amd64 compressed oops)
# Problematic frame:
# V  [jvm.dll+0x117325]
#
# Failed to write core dump. Minidumps are not enabled by default on client versions of Windows
#
# If you would like to submit a bug report, please visit:
#   http://bugreport.sun.com/bugreport/crash.jsp
#

---------------  T H R E A D  ---------------

Current thread (0x000000005651f800):  JavaThread "JDWP Transport Listener: dt_socket" daemon [_thread_in_vm, id=8720, stack(0x00000000570b0000,0x00000000571b0000)]

siginfo: ExceptionCode=0xc0000005, reading address 0x00003b3e003b003b

Registers:
RAX=0x00000000571af801, RBX=0x000000005651f800, RCX=0x00003b3e003b003b, RDX=0x0000000000000000
RSP=0x00000000571af800, RBP=0x00003b3e003b003b, RSI=0x00000000571af918, RDI=0x00000000022b8bf0
R8 =0x000000005651f800, R9 =0x0000000000000700, R10=0x0000000000000000, R11=0x0000051300ac0001
R12=0x0000000000000000, R13=0x0000000054fabba8, R14=0x0000000000000000, R15=0x0000000000000000
RIP=0x00000000676a7325, EFLAGS=0x0000000000010202

Top of Stack: (sp=0x00000000571af800)
0x00000000571af800:   000000005651f800 000000005651f800
0x00000000571af810:   00000000571af8c8 000000006789a06b
0x00000000571af820:   000000005651f800 00000000678b68cd
0x00000000571af830:   0000000000000000 0000000062099149
0x00000000571af840:   0000000056544928 00000000620a2912
0x00000000571af850:   000000005651f800 0000000000000000
0x00000000571af860:   0000000000000000 0000000000000000
0x00000000571af870:   00003b3e003b003b 00000000620a1a09
0x00000000571af880:   00000000571af918 00000000571af8f0
0x00000000571af890:   0000000000000001 0000000056544928
0x00000000571af8a0:   00003b3e003b003b 00000000620853b3
0x00000000571af8b0:   00000000571af9e0 0000000000000001
0x00000000571af8c0:   0000000000000001 0000000056544928
0x00000000571af8d0:   0000000000000009 0000000000000000
0x00000000571af8e0:   0000000000000000 0000000000000000
0x00000000571af8f0:   0000000000000001 0000000062085571 

Instructions: (pc=0x00000000676a7325)
0x00000000676a7305:   cc cc cc cc cc cc cc cc cc cc cc 48 83 ec 28 48
0x00000000676a7315:   85 c9 75 07 33 c0 48 83 c4 28 c3 48 89 5c 24 20
0x00000000676a7325:   48 8b 19 48 85 db 74 20 48 83 fb 37 74 1a 48 8b
0x00000000676a7335:   13 48 8b cb ff 52 08 84 c0 74 0d 48 8b c3 48 8b 


Register to memory mapping:

RAX=0x00000000571af801 is pointing into the stack for thread: 0x000000005651f800
RBX=0x000000005651f800 is a thread
RCX=0x00003b3e003b003b is an unknown value
RDX=0x0000000000000000 is an unknown value
RSP=0x00000000571af800 is pointing into the stack for thread: 0x000000005651f800
RBP=0x00003b3e003b003b is an unknown value
RSI=0x00000000571af918 is pointing into the stack for thread: 0x000000005651f800
RDI=0x00000000022b8bf0 is an unknown value
R8 =0x000000005651f800 is a thread
R9 =0x0000000000000700 is an unknown value
R10=0x0000000000000000 is an unknown value
R11=0x0000051300ac0001 is an unknown value
R12=0x0000000000000000 is an unknown value
R13=0x0000000054fabba8 is an unknown value
R14=0x0000000000000000 is an unknown value
R15=0x0000000000000000 is an unknown value


Stack: [0x00000000570b0000,0x00000000571b0000],  sp=0x00000000571af800,  free space=1022k
Native frames: (J=compiled Java code, j=interpreted, Vv=VM code, C=native code)
V  [jvm.dll+0x117325]
V  [jvm.dll+0x3268cd]
C  [jdwp.dll+0x21a09]
C  [jdwp.dll+0x53b3]
C  [jdwp.dll+0x5571]
C  [jdwp.dll+0xf09c]
C  [jdwp.dll+0x1f2c9]
C  [jdwp.dll+0x1f49e]
V  [jvm.dll+0x1a7148]
V  [jvm.dll+0x2232e4]
V  [jvm.dll+0x27baea]
C  [msvcr100.dll+0x21d9f]
C  [msvcr100.dll+0x21e3b]
C  [kernel32.dll+0x159cd]
C  [ntdll.dll+0x2a2e1]


---------------  P R O C E S S  ---------------

Java Threads: ( => current thread )
  0x00000000565ca800 JavaThread "Service Thread" daemon [_thread_blocked, id=8452, stack(0x0000000057a80000,0x0000000057b80000)]
  0x000000005656a800 JavaThread "C1 CompilerThread2" daemon [_thread_blocked, id=8800, stack(0x0000000057880000,0x0000000057980000)]
  0x0000000056547000 JavaThread "C2 CompilerThread1" daemon [_thread_blocked, id=8224, stack(0x00000000576c0000,0x00000000577c0000)]
  0x0000000056545800 JavaThread "C2 CompilerThread0" daemon [_thread_blocked, id=5176, stack(0x0000000057530000,0x0000000057630000)]
  0x0000000056524800 JavaThread "JDWP Command Reader" daemon [_thread_in_native, id=8984, stack(0x0000000057390000,0x0000000057490000)]
  0x0000000056523800 JavaThread "JDWP Event Helper Thread" daemon [_thread_blocked, id=8432, stack(0x0000000056f50000,0x0000000057050000)]
=>0x000000005651f800 JavaThread "JDWP Transport Listener: dt_socket" daemon [_thread_in_vm, id=8720, stack(0x00000000570b0000,0x00000000571b0000)]
  0x0000000056515000 JavaThread "Attach Listener" daemon [_thread_blocked, id=3196, stack(0x0000000056bd0000,0x0000000056cd0000)]
  0x0000000056513800 JavaThread "Signal Dispatcher" daemon [_thread_blocked, id=4268, stack(0x00000000569f0000,0x0000000056af0000)]
  0x0000000054f47000 JavaThread "Finalizer" daemon [_thread_blocked, id=7516, stack(0x0000000056410000,0x0000000056510000)]
  0x0000000054f3c000 JavaThread "Reference Handler" daemon [_thread_blocked, id=9012, stack(0x0000000056140000,0x0000000056240000)]
  0x00000000022fb000 JavaThread "main" [_thread_blocked, id=7928, stack(0x00000000023f0000,0x00000000024f0000)]

Other Threads:
  0x0000000054f38800 VMThread [stack: 0x0000000055fb0000,0x00000000560b0000] [id=4816]
  0x00000000565ce000 WatcherThread [stack: 0x0000000057210000,0x0000000057310000] [id=7248]

VM state:not at safepoint (normal execution)

VM Mutex/Monitor currently owned by a thread: None

Heap:
 PSYoungGen      total 1024K, used 676K [0x00000000eb200000, 0x00000000eb400000, 0x0000000100000000)
  eden space 512K, 44% used [0x00000000eb200000,0x00000000eb239160,0x00000000eb280000)
  from space 512K, 87% used [0x00000000eb280000,0x00000000eb2f0000,0x00000000eb300000)
  to   space 512K, 0% used [0x00000000eb380000,0x00000000eb380000,0x00000000eb400000)
 ParOldGen       total 64000K, used 0K [0x00000000c1600000, 0x00000000c5480000, 0x00000000eb200000)
  object space 64000K, 0% used [0x00000000c1600000,0x00000000c1600000,0x00000000c5480000)
 Metaspace       used 2480K, capacity 4564K, committed 4864K, reserved 1056768K
  class space    used 266K, capacity 388K, committed 512K, reserved 1048576K

Card table byte_map: [0x0000000011b80000,0x0000000011d80000] byte_map_base: 0x0000000011575000

Marking Bits: (ParMarkBitMap*) 0x0000000067d413b0
 Begin Bits: [0x0000000012460000, 0x0000000013408000)
 End Bits:   [0x0000000013408000, 0x00000000143b0000)

Polling page: 0x0000000000160000

CodeCache: size=245760Kb used=1106Kb max_used=1106Kb free=244653Kb
 bounds [0x00000000027c0000, 0x0000000002a30000, 0x00000000117c0000]
 total_blobs=251 nmethods=34 adapters=140
 compilation: enabled

Compilation events (10 events):
Event: 0.263 Thread 0x000000005656a800   30  s    3       java.lang.StringBuffer::append (13 bytes)
Event: 0.263 Thread 0x000000005656a800 nmethod 30 0x00000000028d27d0 code [0x00000000028d2960, 0x00000000028d2dc8]
Event: 0.264 Thread 0x000000005656a800   31       3       java.lang.AbstractStringBuilder::expandCapacity (50 bytes)
Event: 0.264 Thread 0x000000005656a800 nmethod 31 0x00000000028d3010 code [0x00000000028d31c0, 0x00000000028d36f8]
Event: 0.272 Thread 0x000000005656a800   32       3       java.lang.String::startsWith (72 bytes)
Event: 0.273 Thread 0x000000005656a800 nmethod 32 0x00000000028d3910 code [0x00000000028d3a80, 0x00000000028d3db0]
Event: 0.273 Thread 0x000000005656a800   33       3       java.lang.String::equals (81 bytes)
Event: 0.273 Thread 0x000000005656a800 nmethod 33 0x00000000028d3f90 code [0x00000000028d4120, 0x00000000028d4650]
Event: 0.274 Thread 0x000000005656a800   34       3       java.lang.String::indexOf (7 bytes)
Event: 0.274 Thread 0x000000005656a800 nmethod 34 0x00000000028d4850 code [0x00000000028d49c0, 0x00000000028d4be8]

GC Heap History (2 events):
Event: 0.075 GC heap before
{Heap before GC invocations=1 (full 0):
 PSYoungGen      total 1024K, used 512K [0x00000000eb200000, 0x00000000eb380000, 0x0000000100000000)
  eden space 512K, 100% used [0x00000000eb200000,0x00000000eb280000,0x00000000eb280000)
  from space 512K, 0% used [0x00000000eb300000,0x00000000eb300000,0x00000000eb380000)
  to   space 512K, 0% used [0x00000000eb280000,0x00000000eb280000,0x00000000eb300000)
 ParOldGen       total 64000K, used 0K [0x00000000c1600000, 0x00000000c5480000, 0x00000000eb200000)
  object space 64000K, 0% used [0x00000000c1600000,0x00000000c1600000,0x00000000c5480000)
 Metaspace       used 2038K, capacity 4480K, committed 4480K, reserved 1056768K
  class space    used 223K, capacity 384K, committed 384K, reserved 1048576K
Event: 0.076 GC heap after
Heap after GC invocations=1 (full 0):
 PSYoungGen      total 1024K, used 448K [0x00000000eb200000, 0x00000000eb400000, 0x0000000100000000)
  eden space 512K, 0% used [0x00000000eb200000,0x00000000eb200000,0x00000000eb280000)
  from space 512K, 87% used [0x00000000eb280000,0x00000000eb2f0000,0x00000000eb300000)
  to   space 512K, 0% used [0x00000000eb380000,0x00000000eb380000,0x00000000eb400000)
 ParOldGen       total 64000K, used 0K [0x00000000c1600000, 0x00000000c5480000, 0x00000000eb200000)
  object space 64000K, 0% used [0x00000000c1600000,0x00000000c1600000,0x00000000c5480000)
 Metaspace       used 2038K, capacity 4480K, committed 4480K, reserved 1056768K
  class space    used 223K, capacity 384K, committed 384K, reserved 1048576K
}

Deoptimization events (0 events):
No events

Internal exceptions (4 events):
Event: 0.039 Thread 0x00000000022fb000 Exception <a 'java/lang/NoSuchMethodError': Method sun.misc.Unsafe.defineClass(Ljava/lang/String;[BII)Ljava/lang/Class; name or signature does not match> (0x00000000eb211f90) thrown at [D:\re\workspace\8-2-build-windows-amd64-cygwin\jdk8\2238\hotspot\src\sÇË^›≤‘£?
Event: 0.039 Thread 0x00000000022fb000 Exception <a 'java/lang/NoSuchMethodError': Method sun.misc.Unsafe.prefetchRead(Ljava/lang/Object;J)V name or signature does not match> (0x00000000eb212220) thrown at [D:\re\workspace\8-2-build-windows-amd64-cygwin\jdk8\2238\hotspot\src\share\vm\prims\jni.èÈâ‘<á–?
Event: 0.258 Thread 0x00000000022fb000 Exception <a 'java/security/PrivilegedActionException'> (0x00000000eb22eb48) thrown at [D:\re\workspace\8-2-build-windows-amd64-cygwin\jdk8\2238\hotspot\src\share\vm\prims\jvm.cpp, line 1248]
Event: 0.272 Thread 0x00000000022fb000 Exception <a 'java/security/PrivilegedActionException'> (0x00000000eb234b18) thrown at [D:\re\workspace\8-2-build-windows-amd64-cygwin\jdk8\2238\hotspot\src\share\vm\prims\jvm.cpp, line 1248]

Events (10 events):
Event: 631.812 Executing VM operation: GetCurrentLocation
Event: 631.812 Executing VM operation: GetCurrentLocation done
Event: 631.812 Executing VM operation: EnterInterpOnlyMode
Event: 631.812 Executing VM operation: EnterInterpOnlyMode done
Event: 631.812 Executing VM operation: ChangeSingleStep
Event: 631.812 Executing VM operation: ChangeSingleStep done
Event: 631.813 Executing VM operation: ChangeSingleStep
Event: 631.813 Executing VM operation: ChangeSingleStep done
Event: 631.823 Executing VM operation: RedefineClasses
Event: 631.823 Executing VM operation: RedefineClasses done


Dynamic libraries:
0x000000013fb60000 - 0x000000013fb94000 	C:\Program Files\Java\jdk1.8.0\bin\javaw.exe
0x0000000077af0000 - 0x0000000077c9a000 	C:\Windows\SYSTEM32\ntdll.dll
0x00000000778d0000 - 0x00000000779ef000 	C:\Windows\system32\kernel32.dll
0x000007fefdb20000 - 0x000007fefdb8a000 	C:\Windows\system32\KERNELBASE.dll
0x000007fefef80000 - 0x000007feff05b000 	C:\Windows\system32\ADVAPI32.dll
0x000007feff3e0000 - 0x000007feff47f000 	C:\Windows\system32\msvcrt.dll
0x000007fefe1c0000 - 0x000007fefe1df000 	C:\Windows\SYSTEM32\sechost.dll
0x000007fefe010000 - 0x000007fefe13d000 	C:\Windows\system32\RPCRT4.dll
0x00000000779f0000 - 0x0000000077aea000 	C:\Windows\system32\USER32.dll
0x000007fefdcf0000 - 0x000007fefdd57000 	C:\Windows\system32\GDI32.dll
0x000007fefe1e0000 - 0x000007fefe1ee000 	C:\Windows\system32\LPK.dll
0x000007feff480000 - 0x000007feff54a000 	C:\Windows\system32\USP10.dll
0x000007fefbe10000 - 0x000007fefc004000 	C:\Windows\WinSxS\amd64_microsoft.windows.common-controls_6595b64144ccf1df_6.0.7601.18837_none_fa3b1e3d17594757\COMCTL32.dll
0x000007fefe140000 - 0x000007fefe1b1000 	C:\Windows\system32\SHLWAPI.dll
0x000007feff6a0000 - 0x000007feff6ce000 	C:\Windows\system32\IMM32.DLL
0x000007fefdbe0000 - 0x000007fefdce9000 	C:\Windows\system32\MSCTF.dll
0x000007fef1500000 - 0x000007fef15aa000 	C:\Program Files\McAfee\Endpoint Security\Threat Prevention\Ips\EpMPApi.dll
0x00000000719b0000 - 0x00000000719bb000 	C:\Program Files\McAfee\Endpoint Security\Threat Prevention\Ips\EpMPThe.dll
0x00000000620c0000 - 0x0000000062192000 	C:\Program Files\Java\jdk1.8.0\jre\bin\msvcr100.dll
0x0000000067590000 - 0x0000000067dba000 	C:\Program Files\Java\jdk1.8.0\jre\bin\server\jvm.dll
0x000007fef7b70000 - 0x000007fef7b79000 	C:\Windows\system32\WSOCK32.dll
0x000007feff650000 - 0x000007feff69d000 	C:\Windows\system32\WS2_32.dll
0x000007feff6d0000 - 0x000007feff6d8000 	C:\Windows\system32\NSI.dll
0x000007fefb000000 - 0x000007fefb03b000 	C:\Windows\system32\WINMM.dll
0x0000000077cc0000 - 0x0000000077cc7000 	C:\Windows\system32\PSAPI.DLL
0x0000000067580000 - 0x000000006758f000 	C:\Program Files\Java\jdk1.8.0\jre\bin\verify.dll
0x0000000067530000 - 0x0000000067558000 	C:\Program Files\Java\jdk1.8.0\jre\bin\java.dll
0x0000000062080000 - 0x00000000620b5000 	C:\Program Files\Java\jdk1.8.0\jre\bin\jdwp.dll
0x0000000063360000 - 0x0000000063368000 	C:\Program Files\Java\jdk1.8.0\jre\bin\npt.dll
0x0000000067510000 - 0x0000000067526000 	C:\Program Files\Java\jdk1.8.0\jre\bin\zip.dll
0x000007fefe1f0000 - 0x000007fefef7a000 	C:\Windows\system32\SHELL32.dll
0x000007fefdd60000 - 0x000007fefdf63000 	C:\Windows\system32\ole32.dll
0x000007fefd820000 - 0x000007fefd82f000 	C:\Windows\system32\profapi.dll
0x0000000062070000 - 0x0000000062079000 	C:\Program Files\Java\jdk1.8.0\jre\bin\dt_socket.dll
0x000007fefb650000 - 0x000007fefb665000 	C:\Windows\system32\NLAapi.dll
0x000007fef8470000 - 0x000007fef8485000 	C:\Windows\system32\napinsp.dll
0x000007fef8450000 - 0x000007fef8469000 	C:\Windows\system32\pnrpnsp.dll
0x000007fefd0c0000 - 0x000007fefd115000 	C:\Windows\System32\mswsock.dll
0x000007fefcd80000 - 0x000007fefcddb000 	C:\Windows\system32\DNSAPI.dll
0x000007fef8440000 - 0x000007fef844b000 	C:\Windows\System32\winrnr.dll
0x000007fef8430000 - 0x000007fef8440000 	C:\Windows\system32\wshbth.dll
0x000007fefaad0000 - 0x000007fefaaf7000 	C:\Windows\system32\IPHLPAPI.DLL
0x000007fefaac0000 - 0x000007fefaacb000 	C:\Windows\system32\WINNSI.DLL
0x000007fefa940000 - 0x000007fefa993000 	C:\Windows\System32\fwpuclnt.dll
0x000007fef8420000 - 0x000007fef8428000 	C:\Windows\system32\rasadhlp.dll
0x000007fefc9d0000 - 0x000007fefc9d7000 	C:\Windows\System32\wshtcpip.dll
0x000007fef8090000 - 0x000007fef81b5000 	C:\Windows\system32\dbghelp.dll

VM Arguments:
jvm_args: -agentlib:jdwp=transport=dt_socket,suspend=y,address=localhost:51246 -Dfile.encoding=Cp1252 
java_command: LinkList.AddTwoLinkList
java_class_path (initial): D:\Vinayak\workspace\Demo\bin;D:\Eclipse Luna\eclipse-java-luna-SR2-win32-x86_64\eclipse\plugins\org.testng.eclipse_6.9.11.201604020423\lib\testng.jar;D:\Eclipse Luna\eclipse-java-luna-SR2-win32-x86_64\eclipse\plugins\org.testng.eclipse_6.9.11.201604020423\lib\jcommander.jar;D:\Eclipse Luna\eclipse-java-luna-SR2-win32-x86_64\eclipse\plugins\org.testng.eclipse_6.9.11.201604020423\lib\bsh-2.0b4.jar;D:\Eclipse Luna\eclipse-java-luna-SR2-win32-x86_64\eclipse\plugins\org.testng.eclipse_6.9.11.201604020423\lib\snakeyaml.jar;D:\Software\SeleniumRelatedJars\activation-2.2.1.jar;D:\Software\SeleniumRelatedJars\apache-mime4j-0.6.jar;D:\Software\SeleniumRelatedJars\bsh-1.3.0.jar;D:\Software\SeleniumRelatedJars\cglib-nodep-2.1_3.jar;D:\Software\SeleniumRelatedJars\collections.jar;D:\Software\SeleniumRelatedJars\commons-codec-1.9.jar;D:\Software\SeleniumRelatedJars\commons-codec-1.10.jar;D:\Software\SeleniumRelatedJars\commons-collections-3.2.1.jar;D:\Software\SeleniumRelatedJars\commons-el-1.0.jar;D:\Software\SeleniumRelatedJars\commons-exec-1.1.jar;D:\Software\SeleniumRelatedJars\commons-exec-1.3.jar;D:\Software\SeleniumRelatedJars\commons-io-2.4.jar;D:\Software\SeleniumRelatedJars\commons-jxpath-1.3.jar;D:\Software\SeleniumRelatedJars\commons-lang3-3.3.2.jar;D:\Software\SeleniumRelatedJars\commons-lang3-3.4.jar;D:\Software\SeleniumRelatedJars\commons-logging-1.1.3.jar;D:\Software\SeleniumRelatedJars\cssparser-0.9.14.jar;D:\Software\SeleniumRelatedJars\cssparser-0.9.16.jar;D:\Software\SeleniumRelatedJars\dom4j-1.6.1.jar;D:\Software\SeleniumRelatedJars\extentreports-java-2.10.jar;D:\Software\SeleniumRelatedJars\gson-2.3.1.jar;D:\Software\SeleniumRelatedJars\gson-2.3.jar;D:\Software\SeleniumRelatedJars\guava-18.0.jar;D:\Software\SeleniumRelatedJars\hamcrest-core-1.3.jar;D:\Software\SeleniumRelatedJars\hamcrest-library-1.3.jar;D:\Software\SeleniumRelatedJars\htmlunit-2.15.jar;D:\Software\SeleniumRelatedJars\htmlunit-2.18.jar;D:\Software\SeleniumRelate
Launcher Type: SUN_STANDARD

Environment Variables:
PATH=C:\Program Files\Java\jdk1.8.0\jre\bin;C:/Program Files/Java/jdk1.8.0/jre/bin/server;C:/Program Files/Java/jdk1.8.0/jre/bin;C:/Program Files/Java/jdk1.8.0/jre/lib/amd64;C:\ProgramData\Oracle\Java\javapath;C:\Windows\system32;C:\Windows;C:\Windows\System32\Wbem;C:\Windows\System32\WindowsPowerShell\v1.0\;C:\Program Files\Intel\WiFi\bin\;C:\Program Files\Common Files\Intel\WirelessCommon\;C:\Program Files\McAfee\Endpoint Security\Firewall\;D:\SDK\tools;D:\SDK\platform-tools\;;C:\Android;C:\Windows\System32;C:\Program Files (x86)\Skype\Phone\;C:\Program Files\Java\jdk1.8.0\bin;D:\Eclipse Luna\eclipse-java-luna-SR2-win32-x86_64\eclipse;
USERNAME=vinayak.bansal
OS=Windows_NT
PROCESSOR_IDENTIFIER=Intel64 Family 6 Model 69 Stepping 1, GenuineIntel



---------------  S Y S T E M  ---------------

OS: Windows 7 , 64 bit Build 7601 Service Pack 1

CPU:total 4 (2 cores per cpu, 2 threads per core) family 6 model 69 stepping 1, cmov, cx8, fxsr, mmx, sse, sse2, sse3, ssse3, sse4.1, sse4.2, popcnt, avx, avx2, aes, clmul, erms, ht, tsc, tscinvbit

Memory: 4k page, physical 4097480k(468096k free), swap 8193100k(2987536k free)

vm_info: Java HotSpot(TM) 64-Bit Server VM (25.0-b70) for windows-amd64 JRE (1.8.0-b132), built on Mar  4 2014 03:46:18 by "java_re" with MS VC++ 10.0 (VS2010)

time: Fri May 19 23:27:58 2017
elapsed time: 631 seconds

