#
# A fatal error has been detected by the Java Runtime Environment:
#
#  EXCEPTION_ACCESS_VIOLATION (0xc0000005) at pc=0x0000000068b1533d, pid=7484, tid=5428
#
# JRE version: Java(TM) SE Runtime Environment (8.0-b132) (build 1.8.0-b132)
# Java VM: Java HotSpot(TM) 64-Bit Server VM (25.0-b70 mixed mode windows-amd64 compressed oops)
# Problematic frame:
# C  [libtesseract-3.dll+0x11533d]
#
# Failed to write core dump. Minidumps are not enabled by default on client versions of Windows
#
# If you would like to submit a bug report, please visit:
#   http://bugreport.sun.com/bugreport/crash.jsp
# The crash happened outside the Java Virtual Machine in native code.
# See problematic frame for where to report the bug.
#

---------------  T H R E A D  ---------------

Current thread (0x000000000240e800):  JavaThread "main" [_thread_in_native, id=5428, stack(0x00000000025b0000,0x00000000026b0000)]

siginfo: ExceptionCode=0xc0000005, reading address 0x0000000000000000

Registers:
RAX=0x0000000000000000, RBX=0x00000000599a0f00, RCX=0x0000000000000000, RDX=0x000000000000008f
RSP=0x00000000026ac990, RBP=0x0000000000000000, RSI=0x000000005c954610, RDI=0x000000005c9121b0
R8 =0x000000005c954600, R9 =0x000000005c954610, R10=0x0000000000000001, R11=0x0000000000002ea2
R12=0x00000000026aca10, R13=0x00000000599a0f00, R14=0x000000005c9121b0, R15=0x00000000599a0f00
RIP=0x0000000068b1533d, EFLAGS=0x0000000000010206

Top of Stack: (sp=0x00000000026ac990)
0x00000000026ac990:   0000000000000000 0000000000000000
0x00000000026ac9a0:   0000000000000000 0000000000000000
0x00000000026ac9b0:   0000000000000000 0000000000000000
0x00000000026ac9c0:   0000000000000000 0000000000000000
0x00000000026ac9d0:   0000000000000000 0000000000000000
0x00000000026ac9e0:   0000000000000000 0000000000000000
0x00000000026ac9f0:   000000005c95c618 0000000000000000
0x00000000026aca00:   0000000000000000 0000000000000000
0x00000000026aca10:   0000000000000000 0000000000000000
0x00000000026aca20:   0000000000000000 0000000000000000
0x00000000026aca30:   0000000000000000 0000000000000000
0x00000000026aca40:   0000000000000000 0000000000000000
0x00000000026aca50:   0000000000000000 0000000000000000
0x00000000026aca60:   0000000000000000 0000000000000000
0x00000000026aca70:   0000000000000000 0000000000000000
0x00000000026aca80:   0000000000000000 0000000000000000 

Instructions: (pc=0x0000000068b1533d)
0x0000000068b1531d:   89 cd 4c 8d a4 24 80 00 00 00 e8 4c c2 07 00 48
0x0000000068b1532d:   89 c6 49 8b 85 60 09 00 00 49 63 8d d8 00 00 00
0x0000000068b1533d:   48 63 00 39 c1 48 0f 4c c8 e8 2d c2 07 00 48 89
0x0000000068b1534d:   c3 48 8b 84 24 f0 08 00 00 4c 8b 44 24 60 48 c7 


Register to memory mapping:

RAX=0x0000000000000000 is an unknown value
RBX=0x00000000599a0f00 is an unknown value
RCX=0x0000000000000000 is an unknown value
RDX=0x000000000000008f is an unknown value
RSP=0x00000000026ac990 is pointing into the stack for thread: 0x000000000240e800
RBP=0x0000000000000000 is an unknown value
RSI=0x000000005c954610 is an unknown value
RDI=0x000000005c9121b0 is an unknown value
R8 =0x000000005c954600 is an unknown value
R9 =0x000000005c954610 is an unknown value
R10=0x0000000000000001 is an unknown value
R11=0x0000000000002ea2 is an unknown value
R12=0x00000000026aca10 is pointing into the stack for thread: 0x000000000240e800
R13=0x00000000599a0f00 is an unknown value
R14=0x000000005c9121b0 is an unknown value
R15=0x00000000599a0f00 is an unknown value


Stack: [0x00000000025b0000,0x00000000026b0000],  sp=0x00000000026ac990,  free space=1010k
Native frames: (J=compiled Java code, j=interpreted, Vv=VM code, C=native code)

Java frames: (J=compiled Java code, j=interpreted, Vv=VM code)
j  org.sikuli.natives.VisionProxyJNI.Vision_find(JLorg/sikuli/natives/FindInput;)J+0
j  org.sikuli.natives.Vision.find(Lorg/sikuli/natives/FindInput;)Lorg/sikuli/natives/FindResults;+9
j  org.sikuli.script.Finder.findText(Ljava/lang/String;)Ljava/lang/String;+14
j  org.sikuli.script.Region.doFind(Ljava/lang/Object;Lorg/sikuli/script/Region$RepeatableFind;)Lorg/sikuli/script/Match;+318
j  org.sikuli.script.Region.access$300(Lorg/sikuli/script/Region;Ljava/lang/Object;Lorg/sikuli/script/Region$RepeatableFind;)Lorg/sikuli/script/Match;+3
j  org.sikuli.script.Region$RepeatableFind.run()V+10
j  org.sikuli.script.Region$Repeatable.repeat(D)Z+52
j  org.sikuli.script.Region.wait(Ljava/lang/Object;D)Lorg/sikuli/script/Match;+68
j  org.sikuli.script.Region.findText(Ljava/lang/String;D)Lorg/sikuli/script/Match;+26
j  org.sikuli.script.Region.findText(Ljava/lang/String;)Lorg/sikuli/script/Match;+6
j  SelFrDemo.Sikuli.main([Ljava/lang/String;)V+70
v  ~StubRoutines::call_stub

---------------  P R O C E S S  ---------------

Java Threads: ( => current thread )
  0x00000000582b1000 JavaThread "AWT-Windows" daemon [_thread_in_native, id=8276, stack(0x0000000059f50000,0x000000005a050000)]
  0x00000000582b0000 JavaThread "AWT-Shutdown" [_thread_blocked, id=8272, stack(0x000000005a8a0000,0x000000005a9a0000)]
  0x0000000057ed4000 JavaThread "Java2D Disposer" daemon [_thread_blocked, id=8268, stack(0x0000000059df0000,0x0000000059ef0000)]
  0x00000000578d5800 JavaThread "Thread-4" daemon [_thread_in_native, id=7136, stack(0x0000000059500000,0x0000000059600000)]
  0x0000000058007000 JavaThread "Thread-3" daemon [_thread_in_native, id=6108, stack(0x0000000059340000,0x0000000059440000)]
  0x0000000058006000 JavaThread "Thread-2" [_thread_in_native, id=8180, stack(0x0000000057bb0000,0x0000000057cb0000)]
  0x0000000054fbf800 JavaThread "Service Thread" daemon [_thread_blocked, id=5928, stack(0x0000000056a60000,0x0000000056b60000)]
  0x0000000054fbb800 JavaThread "C1 CompilerThread2" daemon [_thread_blocked, id=6032, stack(0x0000000056f80000,0x0000000057080000)]
  0x0000000054fb9000 JavaThread "C2 CompilerThread1" daemon [_thread_blocked, id=5516, stack(0x0000000056e40000,0x0000000056f40000)]
  0x0000000056499000 JavaThread "C2 CompilerThread0" daemon [_thread_blocked, id=692, stack(0x0000000056d10000,0x0000000056e10000)]
  0x0000000056495800 JavaThread "Attach Listener" daemon [_thread_blocked, id=6924, stack(0x0000000056b70000,0x0000000056c70000)]
  0x0000000056494000 JavaThread "Signal Dispatcher" daemon [_thread_blocked, id=3616, stack(0x00000000568b0000,0x00000000569b0000)]
  0x0000000054f56800 JavaThread "Finalizer" daemon [_thread_blocked, id=5820, stack(0x0000000056390000,0x0000000056490000)]
  0x0000000054f4b800 JavaThread "Reference Handler" daemon [_thread_blocked, id=5540, stack(0x0000000055ff0000,0x00000000560f0000)]
=>0x000000000240e800 JavaThread "main" [_thread_in_native, id=5428, stack(0x00000000025b0000,0x00000000026b0000)]

Other Threads:
  0x0000000054f47800 VMThread [stack: 0x0000000056190000,0x0000000056290000] [id=6776]
  0x0000000056519800 WatcherThread [stack: 0x0000000057190000,0x0000000057290000] [id=3708]

VM state:not at safepoint (normal execution)

VM Mutex/Monitor currently owned by a thread: None

Heap:
 PSYoungGen      total 57856K, used 9943K [0x00000000eb200000, 0x00000000eee00000, 0x0000000100000000)
  eden space 54272K, 18% used [0x00000000eb200000,0x00000000ebbb5ea0,0x00000000ee700000)
  from space 3584K, 0% used [0x00000000eea80000,0x00000000eea80000,0x00000000eee00000)
  to   space 3584K, 0% used [0x00000000ee700000,0x00000000ee700000,0x00000000eea80000)
 ParOldGen       total 37376K, used 20733K [0x00000000c1600000, 0x00000000c3a80000, 0x00000000eb200000)
  object space 37376K, 55% used [0x00000000c1600000,0x00000000c2a3f520,0x00000000c3a80000)
 Metaspace       used 17954K, capacity 18066K, committed 18176K, reserved 1064960K
  class space    used 2276K, capacity 2302K, committed 2304K, reserved 1048576K

Card table byte_map: [0x0000000011d40000,0x0000000011f40000] byte_map_base: 0x0000000011735000

Marking Bits: (ParMarkBitMap*) 0x000000005a8213b0
 Begin Bits: [0x0000000012470000, 0x0000000013418000)
 End Bits:   [0x0000000013418000, 0x00000000143c0000)

Polling page: 0x0000000000260000

CodeCache: size=245760Kb used=4413Kb max_used=4431Kb free=241346Kb
 bounds [0x0000000002980000, 0x0000000002de0000, 0x0000000011980000]
 total_blobs=1643 nmethods=1166 adapters=391
 compilation: enabled

Compilation events (10 events):
Event: 7.794 Thread 0x0000000056499000 1162       4       sun.awt.image.ByteInterleavedRaster::getDataElements (132 bytes)
Event: 7.794 Thread 0x0000000054fb9000 1163       4       sun.java2d.loops.OpaqueCopyAnyToArgb::Blit (234 bytes)
Event: 7.799 Thread 0x0000000056499000 nmethod 1162 0x0000000002db6310 code [0x0000000002db6460, 0x0000000002db67b8]
Event: 7.806 Thread 0x0000000054fbb800 1164 %     3       java.awt.image.ComponentColorModel::getDataElements @ 3019 (3206 bytes)
Event: 7.815 Thread 0x0000000054fb9000 nmethod 1163 0x0000000002db6a10 code [0x0000000002db6c00, 0x0000000002db77c0]
Event: 7.816 Thread 0x0000000054fbb800 nmethod 1164% 0x0000000002dc5e50 code [0x0000000002dc6a40, 0x0000000002dcc048]
Event: 7.816 Thread 0x0000000054fb9000 1165       4       sun.java2d.loops.OpaqueCopyArgbToAny::Blit (232 bytes)
Event: 7.816 Thread 0x0000000056499000 1166       4       java.awt.image.ComponentColorModel::getDataElements (3206 bytes)
Event: 7.835 Thread 0x0000000054fb9000 nmethod 1165 0x0000000002dbb890 code [0x0000000002dbba80, 0x0000000002dbc5b0]
Event: 7.938 Thread 0x0000000056499000 nmethod 1166 0x0000000002dd5490 code [0x0000000002dd5a20, 0x0000000002dd9b20]

GC Heap History (10 events):
Event: 7.436 GC heap before
{Heap before GC invocations=13 (full 0):
 PSYoungGen      total 23040K, used 23029K [0x00000000eb200000, 0x00000000ecc00000, 0x0000000100000000)
  eden space 20992K, 100% used [0x00000000eb200000,0x00000000ec680000,0x00000000ec680000)
  from space 2048K, 99% used [0x00000000ec900000,0x00000000ecafd570,0x00000000ecb00000)
  to   space 2560K, 0% used [0x00000000ec680000,0x00000000ec680000,0x00000000ec900000)
 ParOldGen       total 64000K, used 2828K [0x00000000c1600000, 0x00000000c5480000, 0x00000000eb200000)
  object space 64000K, 4% used [0x00000000c1600000,0x00000000c18c3060,0x00000000c5480000)
 Metaspace       used 17451K, capacity 17554K, committed 17664K, reserved 1064960K
  class space    used 2220K, capacity 2238K, committed 2304K, reserved 1048576K
Event: 7.448 GC heap after
Heap after GC invocations=13 (full 0):
 PSYoungGen      total 23552K, used 2559K [0x00000000eb200000, 0x00000000eda00000, 0x0000000100000000)
  eden space 20992K, 0% used [0x00000000eb200000,0x00000000eb200000,0x00000000ec680000)
  from space 2560K, 99% used [0x00000000ec680000,0x00000000ec8ffdc8,0x00000000ec900000)
  to   space 3584K, 0% used [0x00000000ed680000,0x00000000ed680000,0x00000000eda00000)
 ParOldGen       total 64000K, used 4474K [0x00000000c1600000, 0x00000000c5480000, 0x00000000eb200000)
  object space 64000K, 6% used [0x00000000c1600000,0x00000000c1a5e8c0,0x00000000c5480000)
 Metaspace       used 17451K, capacity 17554K, committed 17664K, reserved 1064960K
  class space    used 2220K, capacity 2238K, committed 2304K, reserved 1048576K
}
Event: 7.661 GC heap before
{Heap before GC invocations=14 (full 0):
 PSYoungGen      total 23552K, used 23551K [0x00000000eb200000, 0x00000000eda00000, 0x0000000100000000)
  eden space 20992K, 100% used [0x00000000eb200000,0x00000000ec680000,0x00000000ec680000)
  from space 2560K, 99% used [0x00000000ec680000,0x00000000ec8ffdc8,0x00000000ec900000)
  to   space 3584K, 0% used [0x00000000ed680000,0x00000000ed680000,0x00000000eda00000)
 ParOldGen       total 64000K, used 4474K [0x00000000c1600000, 0x00000000c5480000, 0x00000000eb200000)
  object space 64000K, 6% used [0x00000000c1600000,0x00000000c1a5e8c0,0x00000000c5480000)
 Metaspace       used 17913K, capacity 18066K, committed 18176K, reserved 1064960K
  class space    used 2271K, capacity 2302K, committed 2304K, reserved 1048576K
Event: 7.702 GC heap after
Heap after GC invocations=14 (full 0):
 PSYoungGen      total 37376K, used 192K [0x00000000eb200000, 0x00000000eda00000, 0x0000000100000000)
  eden space 33792K, 0% used [0x00000000eb200000,0x00000000eb200000,0x00000000ed300000)
  from space 3584K, 5% used [0x00000000ed680000,0x00000000ed6b0000,0x00000000eda00000)
  to   space 3584K, 0% used [0x00000000ed300000,0x00000000ed300000,0x00000000ed680000)
 ParOldGen       total 64000K, used 42722K [0x00000000c1600000, 0x00000000c5480000, 0x00000000eb200000)
  object space 64000K, 66% used [0x00000000c1600000,0x00000000c3fb8b10,0x00000000c5480000)
 Metaspace       used 17913K, capacity 18066K, committed 18176K, reserved 1064960K
  class space    used 2271K, capacity 2302K, committed 2304K, reserved 1048576K
}
Event: 7.856 GC heap before
{Heap before GC invocations=15 (full 0):
 PSYoungGen      total 37376K, used 33984K [0x00000000eb200000, 0x00000000eda00000, 0x0000000100000000)
  eden space 33792K, 100% used [0x00000000eb200000,0x00000000ed300000,0x00000000ed300000)
  from space 3584K, 5% used [0x00000000ed680000,0x00000000ed6b0000,0x00000000eda00000)
  to   space 3584K, 0% used [0x00000000ed300000,0x00000000ed300000,0x00000000ed680000)
 ParOldGen       total 64000K, used 42722K [0x00000000c1600000, 0x00000000c5480000, 0x00000000eb200000)
  object space 64000K, 66% used [0x00000000c1600000,0x00000000c3fb8b10,0x00000000c5480000)
 Metaspace       used 17921K, capacity 18066K, committed 18176K, reserved 1064960K
  class space    used 2272K, capacity 2302K, committed 2304K, reserved 1048576K
Event: 7.861 GC heap after
Heap after GC invocations=15 (full 0):
 PSYoungGen      total 37376K, used 2200K [0x00000000eb200000, 0x00000000eee00000, 0x0000000100000000)
  eden space 33792K, 0% used [0x00000000eb200000,0x00000000eb200000,0x00000000ed300000)
  from space 3584K, 61% used [0x00000000ed300000,0x00000000ed526040,0x00000000ed680000)
  to   space 3584K, 0% used [0x00000000eea80000,0x00000000eea80000,0x00000000eee00000)
 ParOldGen       total 64000K, used 42810K [0x00000000c1600000, 0x00000000c5480000, 0x00000000eb200000)
  object space 64000K, 66% used [0x00000000c1600000,0x00000000c3fceb10,0x00000000c5480000)
 Metaspace       used 17921K, capacity 18066K, committed 18176K, reserved 1064960K
  class space    used 2272K, capacity 2302K, committed 2304K, reserved 1048576K
}
Event: 8.154 GC heap before
{Heap before GC invocations=16 (full 0):
 PSYoungGen      total 37376K, used 35992K [0x00000000eb200000, 0x00000000eee00000, 0x0000000100000000)
  eden space 33792K, 100% used [0x00000000eb200000,0x00000000ed300000,0x00000000ed300000)
  from space 3584K, 61% used [0x00000000ed300000,0x00000000ed526040,0x00000000ed680000)
  to   space 3584K, 0% used [0x00000000eea80000,0x00000000eea80000,0x00000000eee00000)
 ParOldGen       total 64000K, used 42810K [0x00000000c1600000, 0x00000000c5480000, 0x00000000eb200000)
  object space 64000K, 66% used [0x00000000c1600000,0x00000000c3fceb10,0x00000000c5480000)
 Metaspace       used 17954K, capacity 18066K, committed 18176K, reserved 1064960K
  class space    used 2276K, capacity 2302K, committed 2304K, reserved 1048576K
Event: 8.171 GC heap after
Heap after GC invocations=16 (full 0):
 PSYoungGen      total 57856K, used 64K [0x00000000eb200000, 0x00000000eee00000, 0x0000000100000000)
  eden space 54272K, 0% used [0x00000000eb200000,0x00000000eb200000,0x00000000ee700000)
  from space 3584K, 1% used [0x00000000eea80000,0x00000000eea90000,0x00000000eee00000)
  to   space 3584K, 0% used [0x00000000ee700000,0x00000000ee700000,0x00000000eea80000)
 ParOldGen       total 64000K, used 52066K [0x00000000c1600000, 0x00000000c5480000, 0x00000000eb200000)
  object space 64000K, 81% used [0x00000000c1600000,0x00000000c48d8b50,0x00000000c5480000)
 Metaspace       used 17954K, capacity 18066K, committed 18176K, reserved 1064960K
  class space    used 2276K, capacity 2302K, committed 2304K, reserved 1048576K
}
Event: 8.171 GC heap before
{Heap before GC invocations=17 (full 1):
 PSYoungGen      total 57856K, used 64K [0x00000000eb200000, 0x00000000eee00000, 0x0000000100000000)
  eden space 54272K, 0% used [0x00000000eb200000,0x00000000eb200000,0x00000000ee700000)
  from space 3584K, 1% used [0x00000000eea80000,0x00000000eea90000,0x00000000eee00000)
  to   space 3584K, 0% used [0x00000000ee700000,0x00000000ee700000,0x00000000eea80000)
 ParOldGen       total 64000K, used 52066K [0x00000000c1600000, 0x00000000c5480000, 0x00000000eb200000)
  object space 64000K, 81% used [0x00000000c1600000,0x00000000c48d8b50,0x00000000c5480000)
 Metaspace       used 17954K, capacity 18066K, committed 18176K, reserved 1064960K
  class space    used 2276K, capacity 2302K, committed 2304K, reserved 1048576K
Event: 8.383 GC heap after
Heap after GC invocations=17 (full 1):
 PSYoungGen      total 57856K, used 0K [0x00000000eb200000, 0x00000000eee00000, 0x0000000100000000)
  eden space 54272K, 0% used [0x00000000eb200000,0x00000000eb200000,0x00000000ee700000)
  from space 3584K, 0% used [0x00000000eea80000,0x00000000eea80000,0x00000000eee00000)
  to   space 3584K, 0% used [0x00000000ee700000,0x00000000ee700000,0x00000000eea80000)
 ParOldGen       total 37376K, used 20733K [0x00000000c1600000, 0x00000000c3a80000, 0x00000000eb200000)
  object space 37376K, 55% used [0x00000000c1600000,0x00000000c2a3f520,0x00000000c3a80000)
 Metaspace       used 17954K, capacity 18066K, committed 18176K, reserved 1064960K
  class space    used 2276K, capacity 2302K, committed 2304K, reserved 1048576K
}

Deoptimization events (10 events):
Event: 1.148 Thread 0x000000000240e800 Uncommon trap: reason=unreached action=reinterpret pc=0x0000000002b8fe20 method=java.lang.AbstractStringBuilder.append(Ljava/lang/String;)Ljava/lang/AbstractStringBuilder; @ 1
Event: 1.380 Thread 0x000000000240e800 Uncommon trap: reason=unreached action=reinterpret pc=0x0000000002b690a4 method=java.lang.AbstractStringBuilder.append(Ljava/lang/String;)Ljava/lang/AbstractStringBuilder; @ 1
Event: 7.112 Thread 0x000000000240e800 Uncommon trap: reason=bimorphic action=maybe_recompile pc=0x0000000002cf7924 method=java.util.HashMap.putVal(ILjava/lang/Object;Ljava/lang/Object;ZZ)Ljava/lang/Object; @ 203
Event: 7.162 Thread 0x000000000240e800 Uncommon trap: reason=class_check action=maybe_recompile pc=0x0000000002b14680 method=sun.misc.URLClassPath.getLoader(I)Lsun/misc/URLClassPath$Loader; @ 94
Event: 7.429 Thread 0x000000000240e800 Uncommon trap: reason=bimorphic action=maybe_recompile pc=0x0000000002d3d4dc method=java.util.zip.InflaterInputStream.read([BII)I @ 100
Event: 7.430 Thread 0x000000000240e800 Uncommon trap: reason=bimorphic action=maybe_recompile pc=0x0000000002d3d4dc method=java.util.zip.InflaterInputStream.read([BII)I @ 100
Event: 7.430 Thread 0x000000000240e800 Uncommon trap: reason=bimorphic action=maybe_recompile pc=0x0000000002d3d4dc method=java.util.zip.InflaterInputStream.read([BII)I @ 100
Event: 7.430 Thread 0x000000000240e800 Uncommon trap: reason=bimorphic action=maybe_recompile pc=0x0000000002d3d4dc method=java.util.zip.InflaterInputStream.read([BII)I @ 100
Event: 7.792 Thread 0x000000000240e800 Uncommon trap: reason=unreached action=reinterpret pc=0x0000000002dc38b4 method=java.awt.image.ComponentColorModel.getDataElements(ILjava/lang/Object;)Ljava/lang/Object; @ 2993
Event: 7.793 Thread 0x000000000240e800 Uncommon trap: reason=unreached action=reinterpret pc=0x0000000002d9a3b4 method=sun.awt.image.ByteInterleavedRaster.getDataElements(IILjava/lang/Object;)Ljava/lang/Object; @ 43

Internal exceptions (10 events):
Event: 7.522 Thread 0x000000000240e800 Exception <a 'java/security/PrivilegedActionException'> (0x00000000eb25f128) thrown at [D:\re\workspace\8-2-build-windows-amd64-cygwin\jdk8\2238\hotspot\src\share\vm\prims\jvm.cpp, line 1248]
Event: 7.522 Thread 0x000000000240e800 Exception <a 'java/security/PrivilegedActionException'> (0x00000000eb7252a8) thrown at [D:\re\workspace\8-2-build-windows-amd64-cygwin\jdk8\2238\hotspot\src\share\vm\prims\jvm.cpp, line 1248]
Event: 7.784 Thread 0x000000000240e800 Exception <a 'java/security/PrivilegedActionException'> (0x00000000ecedafe0) thrown at [D:\re\workspace\8-2-build-windows-amd64-cygwin\jdk8\2238\hotspot\src\share\vm\prims\jvm.cpp, line 1248]
Event: 7.785 Thread 0x000000000240e800 Exception <a 'java/security/PrivilegedActionException'> (0x00000000ecee5008) thrown at [D:\re\workspace\8-2-build-windows-amd64-cygwin\jdk8\2238\hotspot\src\share\vm\prims\jvm.cpp, line 1248]
Event: 7.792 Thread 0x000000000240e800 Implicit null exception at 0x0000000002dbff1e to 0x0000000002dc389d
Event: 7.793 Thread 0x000000000240e800 Implicit null exception at 0x0000000002d9a1b5 to 0x0000000002d9a399
Event: 7.883 Thread 0x000000000240e800 Exception <a 'java/security/PrivilegedActionException'> (0x00000000eb3ccfb0) thrown at [D:\re\workspace\8-2-build-windows-amd64-cygwin\jdk8\2238\hotspot\src\share\vm\prims\jvm.cpp, line 1248]
Event: 7.977 Thread 0x000000000240e800 Exception <a 'java/security/PrivilegedActionException'> (0x00000000eb3d6ca0) thrown at [D:\re\workspace\8-2-build-windows-amd64-cygwin\jdk8\2238\hotspot\src\share\vm\prims\jvm.cpp, line 1248]
Event: 7.978 Thread 0x000000000240e800 Exception <a 'java/security/PrivilegedActionException'> (0x00000000eb3e0a50) thrown at [D:\re\workspace\8-2-build-windows-amd64-cygwin\jdk8\2238\hotspot\src\share\vm\prims\jvm.cpp, line 1248]
Event: 7.980 Thread 0x000000000240e800 Exception <a 'java/security/PrivilegedActionException'> (0x00000000eb3ed7f0) thrown at [D:\re\workspace\8-2-build-windows-amd64-cygwin\jdk8\2238\hotspot\src\share\vm\prims\jvm.cpp, line 1248]

Events (10 events):
Event: 8.384 Executing VM operation: RevokeBias
Event: 8.384 Executing VM operation: RevokeBias done
Event: 8.384 Executing VM operation: RevokeBias
Event: 8.384 Executing VM operation: RevokeBias done
Event: 8.384 Executing VM operation: RevokeBias
Event: 8.384 Executing VM operation: RevokeBias done
Event: 8.384 Executing VM operation: RevokeBias
Event: 8.384 Executing VM operation: RevokeBias done
Event: 8.384 Executing VM operation: RevokeBias
Event: 8.384 Executing VM operation: RevokeBias done


Dynamic libraries:
0x000000013f320000 - 0x000000013f354000 	C:\Program Files\Java\jdk1.8.0\bin\javaw.exe
0x00000000771f0000 - 0x000000007739a000 	C:\Windows\SYSTEM32\ntdll.dll
0x00000000770d0000 - 0x00000000771ef000 	C:\Windows\system32\kernel32.dll
0x000007fefd200000 - 0x000007fefd26a000 	C:\Windows\system32\KERNELBASE.dll
0x000007fefd5c0000 - 0x000007fefd69b000 	C:\Windows\system32\ADVAPI32.dll
0x000007fefe180000 - 0x000007fefe21f000 	C:\Windows\system32\msvcrt.dll
0x000007fefe140000 - 0x000007fefe15f000 	C:\Windows\SYSTEM32\sechost.dll
0x000007fefdf40000 - 0x000007fefe06d000 	C:\Windows\system32\RPCRT4.dll
0x0000000076fd0000 - 0x00000000770ca000 	C:\Windows\system32\USER32.dll
0x000007feff190000 - 0x000007feff1f7000 	C:\Windows\system32\GDI32.dll
0x000007fefda00000 - 0x000007fefda0e000 	C:\Windows\system32\LPK.dll
0x000007fefe070000 - 0x000007fefe13a000 	C:\Windows\system32\USP10.dll
0x000007fefb1c0000 - 0x000007fefb3b4000 	C:\Windows\WinSxS\amd64_microsoft.windows.common-controls_6595b64144ccf1df_6.0.7601.18837_none_fa3b1e3d17594757\COMCTL32.dll
0x000007fefd6a0000 - 0x000007fefd711000 	C:\Windows\system32\SHLWAPI.dll
0x000007fefd2e0000 - 0x000007fefd30e000 	C:\Windows\system32\IMM32.DLL
0x000007fefda10000 - 0x000007fefdb19000 	C:\Windows\system32\MSCTF.dll
0x000007fef3420000 - 0x000007fef34ca000 	C:\Program Files\McAfee\Endpoint Security\Threat Prevention\Ips\EpMPApi.dll
0x0000000071dd0000 - 0x0000000071ddb000 	C:\Program Files\McAfee\Endpoint Security\Threat Prevention\Ips\EpMPThe.dll
0x00000000683c0000 - 0x0000000068492000 	C:\Program Files\Java\jdk1.8.0\jre\bin\msvcr100.dll
0x000000005a070000 - 0x000000005a89a000 	C:\Program Files\Java\jdk1.8.0\jre\bin\server\jvm.dll
0x000007fef6f30000 - 0x000007fef6f39000 	C:\Windows\system32\WSOCK32.dll
0x000007fefde50000 - 0x000007fefde9d000 	C:\Windows\system32\WS2_32.dll
0x000007feff200000 - 0x000007feff208000 	C:\Windows\system32\NSI.dll
0x000007fefa9e0000 - 0x000007fefaa1b000 	C:\Windows\system32\WINMM.dll
0x00000000773c0000 - 0x00000000773c7000 	C:\Windows\system32\PSAPI.DLL
0x0000000073d90000 - 0x0000000073d9f000 	C:\Program Files\Java\jdk1.8.0\jre\bin\verify.dll
0x0000000073b20000 - 0x0000000073b48000 	C:\Program Files\Java\jdk1.8.0\jre\bin\java.dll
0x0000000073b00000 - 0x0000000073b16000 	C:\Program Files\Java\jdk1.8.0\jre\bin\zip.dll
0x000007fefe400000 - 0x000007feff18a000 	C:\Windows\system32\SHELL32.dll
0x000007feff210000 - 0x000007feff413000 	C:\Windows\system32\ole32.dll
0x000007fefcf30000 - 0x000007fefcf3f000 	C:\Windows\system32\profapi.dll
0x0000000073ae0000 - 0x0000000073afa000 	C:\Program Files\Java\jdk1.8.0\jre\bin\net.dll
0x000007fefc700000 - 0x000007fefc755000 	C:\Windows\system32\mswsock.dll
0x000007fefc6f0000 - 0x000007fefc6f7000 	C:\Windows\System32\wship6.dll
0x000007fefc0d0000 - 0x000007fefc0d7000 	C:\Windows\System32\wshtcpip.dll
0x000007fefc580000 - 0x000007fefc5db000 	C:\Windows\system32\DNSAPI.dll
0x000007fefad40000 - 0x000007fefad67000 	C:\Windows\system32\IPHLPAPI.DLL
0x000007fefad30000 - 0x000007fefad3b000 	C:\Windows\system32\WINNSI.DLL
0x000007fef8060000 - 0x000007fef8068000 	C:\Windows\system32\rasadhlp.dll
0x000007fefaa70000 - 0x000007fefaac3000 	C:\Windows\System32\fwpuclnt.dll
0x000007fefaa40000 - 0x000007fefaa58000 	C:\Windows\system32\dhcpcsvc.DLL
0x000007fefaa20000 - 0x000007fefaa31000 	C:\Windows\system32\dhcpcsvc6.DLL
0x000007fefc760000 - 0x000007fefc778000 	C:\Windows\system32\CRYPTSP.dll
0x000007fefc460000 - 0x000007fefc4a7000 	C:\Windows\system32\rsaenh.dll
0x000007fefd280000 - 0x000007fefd29e000 	C:\Windows\system32\USERENV.dll
0x000007fefcdc0000 - 0x000007fefcdcf000 	C:\Windows\system32\CRYPTBASE.dll
0x000007fefb890000 - 0x000007fefb8a5000 	C:\Windows\system32\NLAapi.dll
0x000007fef80b0000 - 0x000007fef80c5000 	C:\Windows\system32\napinsp.dll
0x000007fef8090000 - 0x000007fef80a9000 	C:\Windows\system32\pnrpnsp.dll
0x000007fef8080000 - 0x000007fef808b000 	C:\Windows\System32\winrnr.dll
0x000007fef8070000 - 0x000007fef8080000 	C:\Windows\system32\wshbth.dll
0x0000000073ac0000 - 0x0000000073ad1000 	C:\Program Files\Java\jdk1.8.0\jre\bin\nio.dll
0x0000000073a90000 - 0x0000000073ab4000 	C:\Program Files\Java\jdk1.8.0\jre\bin\sunec.dll
0x000007fefcd60000 - 0x000007fefcdb7000 	C:\Windows\system32\apphelp.dll
0x000007fef44e0000 - 0x000007fef4509000 	C:\Users\vinayak.bansal\AppData\Local\Temp\BridJExtractedLibraries8849085018130784636\bridj.dll
0x00000000681c0000 - 0x0000000068224000 	D:\Software\SeleniumRelatedJars\libs\VisionProxy.dll
0x0000000061440000 - 0x000000006145a000 	D:\Software\SeleniumRelatedJars\libs\libgcc_s_seh-1.dll
0x0000000064940000 - 0x0000000064955000 	D:\Software\SeleniumRelatedJars\libs\libwinpthread-1.dll
0x000000006fc40000 - 0x000000006fd2a000 	D:\Software\SeleniumRelatedJars\libs\libstdc++-6.dll
0x00000000631c0000 - 0x0000000063295000 	D:\Software\SeleniumRelatedJars\libs\libopencv_highgui248.dll
0x000000006fd80000 - 0x000000006ff7e000 	D:\Software\SeleniumRelatedJars\libs\libopencv_core248.dll
0x0000000065d80000 - 0x0000000065fd7000 	D:\Software\SeleniumRelatedJars\libs\libopencv_imgproc248.dll
0x0000000068a00000 - 0x0000000068d9e000 	D:\Software\SeleniumRelatedJars\libs\libtesseract-3.dll
0x000000006ef80000 - 0x000000006f135000 	D:\Software\SeleniumRelatedJars\libs\liblept-3.dll
0x0000000061a00000 - 0x0000000061a32000 	D:\Software\SeleniumRelatedJars\libs\libpng14-14.dll
0x0000000065500000 - 0x0000000065523000 	D:\Software\SeleniumRelatedJars\libs\libz-1.dll
0x0000000064290000 - 0x0000000064426000 	C:\Program Files\Java\jdk1.8.0\jre\bin\awt.dll
0x000007feff420000 - 0x000007feff4fa000 	C:\Windows\system32\OLEAUT32.dll
0x000007fefa8e0000 - 0x000007fefa8f8000 	C:\Windows\system32\DWMAPI.DLL
0x000007fefafb0000 - 0x000007fefb006000 	C:\Windows\system32\uxtheme.dll
0x000007fee9860000 - 0x000007fee9a5f000 	C:\Windows\system32\d3d9.dll
0x000007fefc000000 - 0x000007fefc00c000 	C:\Windows\system32\VERSION.dll
0x000007fefa5d0000 - 0x000007fefa5d7000 	C:\Windows\system32\d3d8thk.dll
0x000007fee6220000 - 0x000007fee79c7000 	C:\Windows\system32\igdumdim64.dll
0x000007feef870000 - 0x000007fef0254000 	C:\Windows\system32\igdusc64.dll
0x000007fef7bf0000 - 0x000007fef7d15000 	C:\Windows\system32\dbghelp.dll

VM Arguments:
jvm_args: -Dfile.encoding=Cp1252 
java_command: SelFrDemo.Sikuli
java_class_path (initial): D:\Vinayak\workspace\Demo\bin;D:\Eclipse Luna\eclipse-java-luna-SR2-win32-x86_64\eclipse\plugins\org.testng.eclipse_6.9.11.201604020423\lib\testng.jar;D:\Eclipse Luna\eclipse-java-luna-SR2-win32-x86_64\eclipse\plugins\org.testng.eclipse_6.9.11.201604020423\lib\jcommander.jar;D:\Eclipse Luna\eclipse-java-luna-SR2-win32-x86_64\eclipse\plugins\org.testng.eclipse_6.9.11.201604020423\lib\bsh-2.0b4.jar;D:\Eclipse Luna\eclipse-java-luna-SR2-win32-x86_64\eclipse\plugins\org.testng.eclipse_6.9.11.201604020423\lib\snakeyaml.jar;D:\Software\SeleniumRelatedJars\activation-2.2.1.jar;D:\Software\SeleniumRelatedJars\apache-mime4j-0.6.jar;D:\Software\SeleniumRelatedJars\bsh-1.3.0.jar;D:\Software\SeleniumRelatedJars\cglib-nodep-2.1_3.jar;D:\Software\SeleniumRelatedJars\collections.jar;D:\Software\SeleniumRelatedJars\commons-codec-1.9.jar;D:\Software\SeleniumRelatedJars\commons-codec-1.10.jar;D:\Software\SeleniumRelatedJars\commons-collections-3.2.1.jar;D:\Software\SeleniumRelatedJars\commons-el-1.0.jar;D:\Software\SeleniumRelatedJars\commons-exec-1.1.jar;D:\Software\SeleniumRelatedJars\commons-exec-1.3.jar;D:\Software\SeleniumRelatedJars\commons-io-2.4.jar;D:\Software\SeleniumRelatedJars\commons-jxpath-1.3.jar;D:\Software\SeleniumRelatedJars\commons-lang3-3.3.2.jar;D:\Software\SeleniumRelatedJars\commons-lang3-3.4.jar;D:\Software\SeleniumRelatedJars\commons-logging-1.1.3.jar;D:\Software\SeleniumRelatedJars\cssparser-0.9.14.jar;D:\Software\SeleniumRelatedJars\cssparser-0.9.16.jar;D:\Software\SeleniumRelatedJars\dom4j-1.6.1.jar;D:\Software\SeleniumRelatedJars\extentreports-java-2.10.jar;D:\Software\SeleniumRelatedJars\gson-2.3.1.jar;D:\Software\SeleniumRelatedJars\gson-2.3.jar;D:\Software\SeleniumRelatedJars\guava-18.0.jar;D:\Software\SeleniumRelatedJars\hamcrest-core-1.3.jar;D:\Software\SeleniumRelatedJars\hamcrest-library-1.3.jar;D:\Software\SeleniumRelatedJars\htmlunit-2.15.jar;D:\Software\SeleniumRelatedJars\htmlunit-2.18.jar;D:\Software\SeleniumRelate
Launcher Type: SUN_STANDARD

Environment Variables:
PATH=D:\Software\SeleniumRelatedJars\libs;C:/Program Files/Java/jdk1.8.0/jre/bin/server;C:/Program Files/Java/jdk1.8.0/jre/bin;C:/Program Files/Java/jdk1.8.0/jre/lib/amd64;C:\ProgramData\Oracle\Java\javapath;C:\Windows\system32;C:\Windows;C:\Windows\System32\Wbem;C:\Windows\System32\WindowsPowerShell\v1.0\;C:\Program Files\Intel\WiFi\bin\;C:\Program Files\Common Files\Intel\WirelessCommon\;C:\Program Files\McAfee\Endpoint Security\Firewall\;C:\Program Files (x86)\Skype\Phone\;D:\SDK\tools;D:\SDK\platform-tools\;;C:\Android;C:\Windows\System32;C:\Program Files\Java\jdk1.8.0\bin;D:\Eclipse Luna\eclipse-java-luna-SR2-win32-x86_64\eclipse;
USERNAME=vinayak.bansal
OS=Windows_NT
PROCESSOR_IDENTIFIER=Intel64 Family 6 Model 69 Stepping 1, GenuineIntel



---------------  S Y S T E M  ---------------

OS: Windows 7 , 64 bit Build 7601 Service Pack 1

CPU:total 4 (2 cores per cpu, 2 threads per core) family 6 model 69 stepping 1, cmov, cx8, fxsr, mmx, sse, sse2, sse3, ssse3, sse4.1, sse4.2, popcnt, avx, avx2, aes, clmul, erms, ht, tsc, tscinvbit

Memory: 4k page, physical 4097480k(415024k free), swap 8193100k(3299532k free)

vm_info: Java HotSpot(TM) 64-Bit Server VM (25.0-b70) for windows-amd64 JRE (1.8.0-b132), built on Mar  4 2014 03:46:18 by "java_re" with MS VC++ 10.0 (VS2010)

time: Thu Feb 23 20:19:38 2017
elapsed time: 8 seconds

