#
# A fatal error has been detected by the Java Runtime Environment:
#
#  EXCEPTION_ACCESS_VIOLATION (0xc0000005) at pc=0x00000000602e7325, pid=1096, tid=6088
#
# JRE version: Java(TM) SE Runtime Environment (8.0-b132) (build 1.8.0-b132)
# Java VM: Java HotSpot(TM) 64-Bit Server VM (25.0-b70 mixed mode windows-amd64 compressed oops)
# Problematic frame:
# V  [jvm.dll+0x117325]
#
# Failed to write core dump. Minidumps are not enabled by default on client versions of Windows
#
# If you would like to submit a bug report, please visit:
#   http://bugreport.sun.com/bugreport/crash.jsp
#

---------------  T H R E A D  ---------------

Current thread (0x000000005530f000):  JavaThread "JDWP Transport Listener: dt_socket" daemon [_thread_in_vm, id=6088, stack(0x00000000572b0000,0x00000000573b0000)]

siginfo: ExceptionCode=0xc0000005, reading address 0x00003b3e003b003b

Registers:
RAX=0x00000000573af601, RBX=0x000000005530f000, RCX=0x00003b3e003b003b, RDX=0x0000000000000000
RSP=0x00000000573af5d0, RBP=0x00003b3e003b003b, RSI=0x00000000573af6e8, RDI=0x0000000002498bf0
R8 =0x000000005530f000, R9 =0x0000000000000700, R10=0x0000000000000000, R11=0x000040dd032e0170
R12=0x0000000000000000, R13=0x000000005530f7d8, R14=0x0000000000000000, R15=0x0000000000000000
RIP=0x00000000602e7325, EFLAGS=0x0000000000010202

Top of Stack: (sp=0x00000000573af5d0)
0x00000000573af5d0:   000000005530f000 000000005530f000
0x00000000573af5e0:   00000000573af698 00000000604da06b
0x00000000573af5f0:   000000005530f000 00000000604f68cd
0x00000000573af600:   0000000000000000 0000000073269149
0x00000000573af610:   00000000566a01d0 0000000073272912
0x00000000573af620:   000000005530f000 0000000000000000
0x00000000573af630:   0000000000000000 0000000000000000
0x00000000573af640:   00003b3e003b003b 0000000073271a09
0x00000000573af650:   00000000573af6e8 00000000573af6c0
0x00000000573af660:   0000000000000001 00000000566a01d0
0x00000000573af670:   00003b3e003b003b 00000000732553b3
0x00000000573af680:   00000000573af7b0 0000000000000001
0x00000000573af690:   0000000000000001 00000000566a01d0
0x00000000573af6a0:   0000000000000009 0000000000000000
0x00000000573af6b0:   0000000000000000 0000000000000000
0x00000000573af6c0:   0000000000000001 0000000073255571 

Instructions: (pc=0x00000000602e7325)
0x00000000602e7305:   cc cc cc cc cc cc cc cc cc cc cc 48 83 ec 28 48
0x00000000602e7315:   85 c9 75 07 33 c0 48 83 c4 28 c3 48 89 5c 24 20
0x00000000602e7325:   48 8b 19 48 85 db 74 20 48 83 fb 37 74 1a 48 8b
0x00000000602e7335:   13 48 8b cb ff 52 08 84 c0 74 0d 48 8b c3 48 8b 


Register to memory mapping:

RAX=0x00000000573af601 is pointing into the stack for thread: 0x000000005530f000
RBX=0x000000005530f000 is a thread
RCX=0x00003b3e003b003b is an unknown value
RDX=0x0000000000000000 is an unknown value
RSP=0x00000000573af5d0 is pointing into the stack for thread: 0x000000005530f000
RBP=0x00003b3e003b003b is an unknown value
RSI=0x00000000573af6e8 is pointing into the stack for thread: 0x000000005530f000
RDI=0x0000000002498bf0 is an unknown value
R8 =0x000000005530f000 is a thread
R9 =0x0000000000000700 is an unknown value
R10=0x0000000000000000 is an unknown value
R11=0x000040dd032e0170 is an unknown value
R12=0x0000000000000000 is an unknown value
R13=0x000000005530f7d8 is an unknown value
R14=0x0000000000000000 is an unknown value
R15=0x0000000000000000 is an unknown value


Stack: [0x00000000572b0000,0x00000000573b0000],  sp=0x00000000573af5d0,  free space=1021k
Native frames: (J=compiled Java code, j=interpreted, Vv=VM code, C=native code)
V  [jvm.dll+0x117325]
V  [jvm.dll+0x3268cd]
C  [jdwp.dll+0x21a09]
C  [jdwp.dll+0x53b3]
C  [jdwp.dll+0x5571]
C  [jdwp.dll+0xf09c]
C  [jdwp.dll+0x1f2c9]
C  [jdwp.dll+0x1f49e]
V  [jvm.dll+0x1a7148]
V  [jvm.dll+0x2232e4]
V  [jvm.dll+0x27baea]
C  [msvcr100.dll+0x21d9f]
C  [msvcr100.dll+0x21e3b]
C  [kernel32.dll+0x159cd]
C  [ntdll.dll+0x2a2e1]


---------------  P R O C E S S  ---------------

Java Threads: ( => current thread )
  0x0000000056721800 JavaThread "Service Thread" daemon [_thread_blocked, id=7472, stack(0x0000000057a00000,0x0000000057b00000)]
  0x00000000566f3800 JavaThread "C1 CompilerThread2" daemon [_thread_blocked, id=3444, stack(0x0000000057530000,0x0000000057630000)]
  0x00000000566ea800 JavaThread "C2 CompilerThread1" daemon [_thread_blocked, id=2532, stack(0x0000000057820000,0x0000000057920000)]
  0x00000000566a0800 JavaThread "C2 CompilerThread0" daemon [_thread_blocked, id=6212, stack(0x00000000570a0000,0x00000000571a0000)]
  0x0000000056684000 JavaThread "JDWP Command Reader" daemon [_thread_in_native, id=7824, stack(0x0000000057710000,0x0000000057810000)]
  0x0000000056677800 JavaThread "JDWP Event Helper Thread" daemon [_thread_blocked, id=6664, stack(0x0000000056de0000,0x0000000056ee0000)]
=>0x000000005530f000 JavaThread "JDWP Transport Listener: dt_socket" daemon [_thread_in_vm, id=6088, stack(0x00000000572b0000,0x00000000573b0000)]
  0x0000000056669000 JavaThread "Attach Listener" daemon [_thread_blocked, id=5932, stack(0x0000000056cc0000,0x0000000056dc0000)]
  0x0000000056667800 JavaThread "Signal Dispatcher" daemon [_thread_blocked, id=8112, stack(0x0000000056a90000,0x0000000056b90000)]
  0x00000000552a7000 JavaThread "Finalizer" daemon [_thread_blocked, id=7828, stack(0x0000000056560000,0x0000000056660000)]
  0x000000005529c000 JavaThread "Reference Handler" daemon [_thread_blocked, id=5316, stack(0x0000000056260000,0x0000000056360000)]
  0x000000000231b000 JavaThread "main" [_thread_blocked, id=8160, stack(0x0000000002770000,0x0000000002870000)]

Other Threads:
  0x0000000055298000 VMThread [stack: 0x0000000056370000,0x0000000056470000] [id=5572]
  0x0000000056724800 WatcherThread [stack: 0x0000000057c30000,0x0000000057d30000] [id=4112]

VM state:not at safepoint (normal execution)

VM Mutex/Monitor currently owned by a thread: None

Heap:
 PSYoungGen      total 1024K, used 635K [0x00000000eb200000, 0x00000000eb400000, 0x0000000100000000)
  eden space 512K, 42% used [0x00000000eb200000,0x00000000eb236c20,0x00000000eb280000)
  from space 512K, 81% used [0x00000000eb280000,0x00000000eb2e8000,0x00000000eb300000)
  to   space 512K, 0% used [0x00000000eb380000,0x00000000eb380000,0x00000000eb400000)
 ParOldGen       total 64000K, used 0K [0x00000000c1600000, 0x00000000c5480000, 0x00000000eb200000)
  object space 64000K, 0% used [0x00000000c1600000,0x00000000c1600000,0x00000000c5480000)
 Metaspace       used 2486K, capacity 4564K, committed 4864K, reserved 1056768K
  class space    used 267K, capacity 388K, committed 512K, reserved 1048576K

Card table byte_map: [0x0000000011f00000,0x0000000012100000] byte_map_base: 0x00000000118f5000

Marking Bits: (ParMarkBitMap*) 0x00000000609813b0
 Begin Bits: [0x00000000127c0000, 0x0000000013768000)
 End Bits:   [0x0000000013768000, 0x0000000014710000)

Polling page: 0x0000000000360000

CodeCache: size=245760Kb used=1105Kb max_used=1105Kb free=244654Kb
 bounds [0x0000000002b40000, 0x0000000002db0000, 0x0000000011b40000]
 total_blobs=250 nmethods=33 adapters=140
 compilation: enabled

Compilation events (10 events):
Event: 0.339 Thread 0x00000000566f3800   26       1       java.net.Parts::getRef (5 bytes)
Event: 0.339 Thread 0x00000000566f3800 nmethod 26 0x0000000002c51c50 code [0x0000000002c51da0, 0x0000000002c51eb0]
Event: 0.346 Thread 0x00000000566f3800   30  s    3       java.lang.StringBuffer::append (13 bytes)
Event: 0.346 Thread 0x00000000566f3800 nmethod 30 0x0000000002c52710 code [0x0000000002c528a0, 0x0000000002c52d08]
Event: 0.348 Thread 0x00000000566f3800   31       3       java.lang.AbstractStringBuilder::expandCapacity (50 bytes)
Event: 0.349 Thread 0x00000000566f3800 nmethod 31 0x0000000002c52f50 code [0x0000000002c53100, 0x0000000002c53638]
Event: 0.357 Thread 0x00000000566f3800   32       3       java.lang.String::startsWith (72 bytes)
Event: 0.358 Thread 0x00000000566f3800 nmethod 32 0x0000000002c53850 code [0x0000000002c539c0, 0x0000000002c53cf0]
Event: 0.358 Thread 0x00000000566f3800   33       3       java.lang.String::equals (81 bytes)
Event: 0.359 Thread 0x00000000566f3800 nmethod 33 0x0000000002c53ed0 code [0x0000000002c54060, 0x0000000002c54590]

GC Heap History (2 events):
Event: 0.080 GC heap before
{Heap before GC invocations=1 (full 0):
 PSYoungGen      total 1024K, used 512K [0x00000000eb200000, 0x00000000eb380000, 0x0000000100000000)
  eden space 512K, 100% used [0x00000000eb200000,0x00000000eb280000,0x00000000eb280000)
  from space 512K, 0% used [0x00000000eb300000,0x00000000eb300000,0x00000000eb380000)
  to   space 512K, 0% used [0x00000000eb280000,0x00000000eb280000,0x00000000eb300000)
 ParOldGen       total 64000K, used 0K [0x00000000c1600000, 0x00000000c5480000, 0x00000000eb200000)
  object space 64000K, 0% used [0x00000000c1600000,0x00000000c1600000,0x00000000c5480000)
 Metaspace       used 2038K, capacity 4480K, committed 4480K, reserved 1056768K
  class space    used 223K, capacity 384K, committed 384K, reserved 1048576K
Event: 0.081 GC heap after
Heap after GC invocations=1 (full 0):
 PSYoungGen      total 1024K, used 416K [0x00000000eb200000, 0x00000000eb400000, 0x0000000100000000)
  eden space 512K, 0% used [0x00000000eb200000,0x00000000eb200000,0x00000000eb280000)
  from space 512K, 81% used [0x00000000eb280000,0x00000000eb2e8000,0x00000000eb300000)
  to   space 512K, 0% used [0x00000000eb380000,0x00000000eb380000,0x00000000eb400000)
 ParOldGen       total 64000K, used 0K [0x00000000c1600000, 0x00000000c5480000, 0x00000000eb200000)
  object space 64000K, 0% used [0x00000000c1600000,0x00000000c1600000,0x00000000c5480000)
 Metaspace       used 2038K, capacity 4480K, committed 4480K, reserved 1056768K
  class space    used 223K, capacity 384K, committed 384K, reserved 1048576K
}

Deoptimization events (0 events):
No events

Internal exceptions (4 events):
Event: 0.040 Thread 0x000000000231b000 Exception <a 'java/lang/NoSuchMethodError': Method sun.misc.Unsafe.defineClass(Ljava/lang/String;[BII)Ljava/lang/Class; name or signature does not match> (0x00000000eb211f90) thrown at [D:\re\workspace\8-2-build-windows-amd64-cygwin\jdk8\2238\hotspot\src\sΐκ}/¤?
Event: 0.040 Thread 0x000000000231b000 Exception <a 'java/lang/NoSuchMethodError': Method sun.misc.Unsafe.prefetchRead(Ljava/lang/Object;J)V name or signature does not match> (0x00000000eb212220) thrown at [D:\re\workspace\8-2-build-windows-amd64-cygwin\jdk8\2238\hotspot\src\share\vm\prims\jni.Στχ~Υ?
Event: 0.336 Thread 0x000000000231b000 Exception <a 'java/security/PrivilegedActionException'> (0x00000000eb22eb68) thrown at [D:\re\workspace\8-2-build-windows-amd64-cygwin\jdk8\2238\hotspot\src\share\vm\prims\jvm.cpp, line 1248]
Event: 0.357 Thread 0x000000000231b000 Exception <a 'java/security/PrivilegedActionException'> (0x00000000eb2349c8) thrown at [D:\re\workspace\8-2-build-windows-amd64-cygwin\jdk8\2238\hotspot\src\share\vm\prims\jvm.cpp, line 1248]

Events (10 events):
Event: 194.383 Executing VM operation: GetCurrentLocation
Event: 194.383 Executing VM operation: GetCurrentLocation done
Event: 194.383 Executing VM operation: EnterInterpOnlyMode
Event: 194.383 Executing VM operation: EnterInterpOnlyMode done
Event: 194.383 Executing VM operation: ChangeSingleStep
Event: 194.383 Executing VM operation: ChangeSingleStep done
Event: 194.383 Executing VM operation: ChangeSingleStep
Event: 194.383 Executing VM operation: ChangeSingleStep done
Event: 194.385 Executing VM operation: RedefineClasses
Event: 194.386 Executing VM operation: RedefineClasses done


Dynamic libraries:
0x000000013f6c0000 - 0x000000013f6f4000 	C:\Program Files\Java\jdk1.8.0\bin\javaw.exe
0x0000000076d00000 - 0x0000000076eaa000 	C:\Windows\SYSTEM32\ntdll.dll
0x0000000076be0000 - 0x0000000076cff000 	C:\Windows\system32\kernel32.dll
0x000007fefcbe0000 - 0x000007fefcc4a000 	C:\Windows\system32\KERNELBASE.dll
0x000007fefde30000 - 0x000007fefdf0b000 	C:\Windows\system32\ADVAPI32.dll
0x000007fefef70000 - 0x000007feff00f000 	C:\Windows\system32\msvcrt.dll
0x000007fefe790000 - 0x000007fefe7af000 	C:\Windows\SYSTEM32\sechost.dll
0x000007fefee00000 - 0x000007fefef2d000 	C:\Windows\system32\RPCRT4.dll
0x0000000076ae0000 - 0x0000000076bda000 	C:\Windows\system32\USER32.dll
0x000007fefdce0000 - 0x000007fefdd47000 	C:\Windows\system32\GDI32.dll
0x000007fefdc30000 - 0x000007fefdc3e000 	C:\Windows\system32\LPK.dll
0x000007fefe350000 - 0x000007fefe41a000 	C:\Windows\system32\USP10.dll
0x000007fefb0c0000 - 0x000007fefb2b4000 	C:\Windows\WinSxS\amd64_microsoft.windows.common-controls_6595b64144ccf1df_6.0.7601.18837_none_fa3b1e3d17594757\COMCTL32.dll
0x000007fefe2d0000 - 0x000007fefe341000 	C:\Windows\system32\SHLWAPI.dll
0x000007fefef40000 - 0x000007fefef6e000 	C:\Windows\system32\IMM32.DLL
0x000007fefdf10000 - 0x000007fefe019000 	C:\Windows\system32\MSCTF.dll
0x000007fef3980000 - 0x000007fef3a2a000 	C:\Program Files\McAfee\Endpoint Security\Threat Prevention\Ips\EpMPApi.dll
0x00000000723f0000 - 0x00000000723fb000 	C:\Program Files\McAfee\Endpoint Security\Threat Prevention\Ips\EpMPThe.dll
0x0000000073130000 - 0x0000000073202000 	C:\Program Files\Java\jdk1.8.0\jre\bin\msvcr100.dll
0x00000000601d0000 - 0x00000000609fa000 	C:\Program Files\Java\jdk1.8.0\jre\bin\server\jvm.dll
0x000007fef6a80000 - 0x000007fef6a89000 	C:\Windows\system32\WSOCK32.dll
0x000007fefdbe0000 - 0x000007fefdc2d000 	C:\Windows\system32\WS2_32.dll
0x000007fefef30000 - 0x000007fefef38000 	C:\Windows\system32\NSI.dll
0x000007fefaa40000 - 0x000007fefaa7b000 	C:\Windows\system32\WINMM.dll
0x0000000076ec0000 - 0x0000000076ec7000 	C:\Windows\system32\PSAPI.DLL
0x0000000066530000 - 0x000000006653f000 	C:\Program Files\Java\jdk1.8.0\jre\bin\verify.dll
0x00000000601a0000 - 0x00000000601c8000 	C:\Program Files\Java\jdk1.8.0\jre\bin\java.dll
0x0000000073250000 - 0x0000000073285000 	C:\Program Files\Java\jdk1.8.0\jre\bin\jdwp.dll
0x00000000734a0000 - 0x00000000734a8000 	C:\Program Files\Java\jdk1.8.0\jre\bin\npt.dll
0x0000000060180000 - 0x0000000060196000 	C:\Program Files\Java\jdk1.8.0\jre\bin\zip.dll
0x000007fefce50000 - 0x000007fefdbda000 	C:\Windows\system32\SHELL32.dll
0x000007fefe020000 - 0x000007fefe223000 	C:\Windows\system32\ole32.dll
0x000007fefca30000 - 0x000007fefca3f000 	C:\Windows\system32\profapi.dll
0x00000000734b0000 - 0x00000000734b9000 	C:\Program Files\Java\jdk1.8.0\jre\bin\dt_socket.dll
0x000007fefa810000 - 0x000007fefa825000 	C:\Windows\system32\NLAapi.dll
0x000007fef72a0000 - 0x000007fef72b5000 	C:\Windows\system32\napinsp.dll
0x000007fef7270000 - 0x000007fef7289000 	C:\Windows\system32\pnrpnsp.dll
0x000007fefc210000 - 0x000007fefc265000 	C:\Windows\System32\mswsock.dll
0x000007fefc090000 - 0x000007fefc0eb000 	C:\Windows\system32\DNSAPI.dll
0x000007fef76e0000 - 0x000007fef76eb000 	C:\Windows\System32\winrnr.dll
0x000007fef76d0000 - 0x000007fef76e0000 	C:\Windows\system32\wshbth.dll
0x000007fef9ce0000 - 0x000007fef9d07000 	C:\Windows\system32\IPHLPAPI.DLL
0x000007fef9cc0000 - 0x000007fef9ccb000 	C:\Windows\system32\WINNSI.DLL
0x000007fef9b50000 - 0x000007fef9ba3000 	C:\Windows\System32\fwpuclnt.dll
0x000007fef76a0000 - 0x000007fef76a8000 	C:\Windows\system32\rasadhlp.dll
0x000007fefbbe0000 - 0x000007fefbbe7000 	C:\Windows\System32\wshtcpip.dll
0x000007fef7360000 - 0x000007fef7485000 	C:\Windows\system32\dbghelp.dll

VM Arguments:
jvm_args: -agentlib:jdwp=transport=dt_socket,suspend=y,address=localhost:57680 -Dfile.encoding=Cp1252 
java_command: Trees.LevelOrderTriversal
java_class_path (initial): D:\Vinayak\workspace\Demo\bin;D:\Eclipse Luna\eclipse-java-luna-SR2-win32-x86_64\eclipse\plugins\org.testng.eclipse_6.9.11.201604020423\lib\testng.jar;D:\Eclipse Luna\eclipse-java-luna-SR2-win32-x86_64\eclipse\plugins\org.testng.eclipse_6.9.11.201604020423\lib\jcommander.jar;D:\Eclipse Luna\eclipse-java-luna-SR2-win32-x86_64\eclipse\plugins\org.testng.eclipse_6.9.11.201604020423\lib\bsh-2.0b4.jar;D:\Eclipse Luna\eclipse-java-luna-SR2-win32-x86_64\eclipse\plugins\org.testng.eclipse_6.9.11.201604020423\lib\snakeyaml.jar;D:\Software\SeleniumRelatedJars\activation-2.2.1.jar;D:\Software\SeleniumRelatedJars\apache-mime4j-0.6.jar;D:\Software\SeleniumRelatedJars\bsh-1.3.0.jar;D:\Software\SeleniumRelatedJars\cglib-nodep-2.1_3.jar;D:\Software\SeleniumRelatedJars\collections.jar;D:\Software\SeleniumRelatedJars\commons-codec-1.9.jar;D:\Software\SeleniumRelatedJars\commons-codec-1.10.jar;D:\Software\SeleniumRelatedJars\commons-collections-3.2.1.jar;D:\Software\SeleniumRelatedJars\commons-el-1.0.jar;D:\Software\SeleniumRelatedJars\commons-exec-1.1.jar;D:\Software\SeleniumRelatedJars\commons-exec-1.3.jar;D:\Software\SeleniumRelatedJars\commons-io-2.4.jar;D:\Software\SeleniumRelatedJars\commons-jxpath-1.3.jar;D:\Software\SeleniumRelatedJars\commons-lang3-3.3.2.jar;D:\Software\SeleniumRelatedJars\commons-lang3-3.4.jar;D:\Software\SeleniumRelatedJars\commons-logging-1.1.3.jar;D:\Software\SeleniumRelatedJars\cssparser-0.9.14.jar;D:\Software\SeleniumRelatedJars\cssparser-0.9.16.jar;D:\Software\SeleniumRelatedJars\dom4j-1.6.1.jar;D:\Software\SeleniumRelatedJars\extentreports-java-2.10.jar;D:\Software\SeleniumRelatedJars\gson-2.3.1.jar;D:\Software\SeleniumRelatedJars\gson-2.3.jar;D:\Software\SeleniumRelatedJars\guava-18.0.jar;D:\Software\SeleniumRelatedJars\hamcrest-core-1.3.jar;D:\Software\SeleniumRelatedJars\hamcrest-library-1.3.jar;D:\Software\SeleniumRelatedJars\htmlunit-2.15.jar;D:\Software\SeleniumRelatedJars\htmlunit-2.18.jar;D:\Software\SeleniumRelate
Launcher Type: SUN_STANDARD

Environment Variables:
PATH=C:\Program Files\Java\jdk1.8.0\jre\bin;C:/Program Files/Java/jdk1.8.0/jre/bin/server;C:/Program Files/Java/jdk1.8.0/jre/bin;C:/Program Files/Java/jdk1.8.0/jre/lib/amd64;C:\ProgramData\Oracle\Java\javapath;C:\Windows\system32;C:\Windows;C:\Windows\System32\Wbem;C:\Windows\System32\WindowsPowerShell\v1.0\;C:\Program Files\Intel\WiFi\bin\;C:\Program Files\Common Files\Intel\WirelessCommon\;C:\Program Files\McAfee\Endpoint Security\Firewall\;D:\SDK\tools;D:\SDK\platform-tools\;;C:\Android;C:\Windows\System32;C:\Program Files (x86)\Skype\Phone\;C:\Program Files\Java\jdk1.8.0\bin;D:\Eclipse Luna\eclipse-java-luna-SR2-win32-x86_64\eclipse;
USERNAME=vinayak.bansal
OS=Windows_NT
PROCESSOR_IDENTIFIER=Intel64 Family 6 Model 69 Stepping 1, GenuineIntel



---------------  S Y S T E M  ---------------

OS: Windows 7 , 64 bit Build 7601 Service Pack 1

CPU:total 4 (2 cores per cpu, 2 threads per core) family 6 model 69 stepping 1, cmov, cx8, fxsr, mmx, sse, sse2, sse3, ssse3, sse4.1, sse4.2, popcnt, avx, avx2, aes, clmul, erms, ht, tsc, tscinvbit

Memory: 4k page, physical 4097480k(456744k free), swap 8193100k(4278940k free)

vm_info: Java HotSpot(TM) 64-Bit Server VM (25.0-b70) for windows-amd64 JRE (1.8.0-b132), built on Mar  4 2014 03:46:18 by "java_re" with MS VC++ 10.0 (VS2010)

time: Sat Jun 03 12:27:42 2017
elapsed time: 194 seconds

