#
# A fatal error has been detected by the Java Runtime Environment:
#
#  EXCEPTION_ACCESS_VIOLATION (0xc0000005) at pc=0x0000000068b1533d, pid=8576, tid=8604
#
# JRE version: Java(TM) SE Runtime Environment (8.0-b132) (build 1.8.0-b132)
# Java VM: Java HotSpot(TM) 64-Bit Server VM (25.0-b70 mixed mode windows-amd64 compressed oops)
# Problematic frame:
# C  [libtesseract-3.dll+0x11533d]
#
# Failed to write core dump. Minidumps are not enabled by default on client versions of Windows
#
# If you would like to submit a bug report, please visit:
#   http://bugreport.sun.com/bugreport/crash.jsp
# The crash happened outside the Java Virtual Machine in native code.
# See problematic frame for where to report the bug.
#

---------------  T H R E A D  ---------------

Current thread (0x00000000001ce800):  JavaThread "main" [_thread_in_native, id=8604, stack(0x0000000002650000,0x0000000002750000)]

siginfo: ExceptionCode=0xc0000005, reading address 0x0000000000000000

Registers:
RAX=0x0000000000000000, RBX=0x00000000003c2760, RCX=0x0000000000000000, RDX=0x000000000000008f
RSP=0x000000000274d0a0, RBP=0x0000000000000000, RSI=0x0000000059befe10, RDI=0x0000000059bab900
R8 =0x0000000059befe00, R9 =0x0000000059befe10, R10=0x0000000008000000, R11=0x000000000000039b
R12=0x000000000274d120, R13=0x00000000003c2760, R14=0x0000000059bab900, R15=0x00000000003c2760
RIP=0x0000000068b1533d, EFLAGS=0x0000000000010202

Top of Stack: (sp=0x000000000274d0a0)
0x000000000274d0a0:   0000000000000000 0000000000000000
0x000000000274d0b0:   0000000000000000 0000000000000000
0x000000000274d0c0:   0000000000000000 0000000000000000
0x000000000274d0d0:   0000000000000000 0000000000000000
0x000000000274d0e0:   0000000000000000 0000000000000000
0x000000000274d0f0:   0000000000000000 0000000000000000
0x000000000274d100:   0000000059c203c8 0000000000000000
0x000000000274d110:   0000000000000000 0000000000000000
0x000000000274d120:   0000000000000000 0000000000000000
0x000000000274d130:   0000000000000000 0000000000000000
0x000000000274d140:   0000000000000000 0000000000000000
0x000000000274d150:   0000000000000000 0000000000000000
0x000000000274d160:   0000000000000000 0000000000000000
0x000000000274d170:   0000000000000000 0000000000000000
0x000000000274d180:   0000000000000000 0000000000000000
0x000000000274d190:   0000000000000000 0000000000000000 

Instructions: (pc=0x0000000068b1533d)
0x0000000068b1531d:   89 cd 4c 8d a4 24 80 00 00 00 e8 4c c2 07 00 48
0x0000000068b1532d:   89 c6 49 8b 85 60 09 00 00 49 63 8d d8 00 00 00
0x0000000068b1533d:   48 63 00 39 c1 48 0f 4c c8 e8 2d c2 07 00 48 89
0x0000000068b1534d:   c3 48 8b 84 24 f0 08 00 00 4c 8b 44 24 60 48 c7 


Register to memory mapping:

RAX=0x0000000000000000 is an unknown value
RBX=0x00000000003c2760 is an unknown value
RCX=0x0000000000000000 is an unknown value
RDX=0x000000000000008f is an unknown value
RSP=0x000000000274d0a0 is pointing into the stack for thread: 0x00000000001ce800
RBP=0x0000000000000000 is an unknown value
RSI=0x0000000059befe10 is an unknown value
RDI=0x0000000059bab900 is an unknown value
R8 =0x0000000059befe00 is an unknown value
R9 =0x0000000059befe10 is an unknown value
R10=0x0000000008000000 is an unknown value
R11=0x000000000000039b is an unknown value
R12=0x000000000274d120 is pointing into the stack for thread: 0x00000000001ce800
R13=0x00000000003c2760 is an unknown value
R14=0x0000000059bab900 is an unknown value
R15=0x00000000003c2760 is an unknown value


Stack: [0x0000000002650000,0x0000000002750000],  sp=0x000000000274d0a0,  free space=1012k
Native frames: (J=compiled Java code, j=interpreted, Vv=VM code, C=native code)

Java frames: (J=compiled Java code, j=interpreted, Vv=VM code)
j  org.sikuli.natives.VisionProxyJNI.Vision_find(JLorg/sikuli/natives/FindInput;)J+0
j  org.sikuli.natives.Vision.find(Lorg/sikuli/natives/FindInput;)Lorg/sikuli/natives/FindResults;+9
j  org.sikuli.script.Finder.findText(Ljava/lang/String;)Ljava/lang/String;+14
j  org.sikuli.script.Region.doFind(Ljava/lang/Object;Lorg/sikuli/script/Region$RepeatableFind;)Lorg/sikuli/script/Match;+318
j  org.sikuli.script.Region.access$300(Lorg/sikuli/script/Region;Ljava/lang/Object;Lorg/sikuli/script/Region$RepeatableFind;)Lorg/sikuli/script/Match;+3
j  org.sikuli.script.Region$RepeatableFind.run()V+10
j  org.sikuli.script.Region$Repeatable.repeat(D)Z+52
j  org.sikuli.script.Region.wait(Ljava/lang/Object;D)Lorg/sikuli/script/Match;+68
j  org.sikuli.script.Region.findText(Ljava/lang/String;D)Lorg/sikuli/script/Match;+26
j  org.sikuli.script.Region.findText(Ljava/lang/String;)Lorg/sikuli/script/Match;+6
j  SelFrDemo.Sikuli.main([Ljava/lang/String;)V+51
v  ~StubRoutines::call_stub

---------------  P R O C E S S  ---------------

Java Threads: ( => current thread )
  0x0000000057646800 JavaThread "AWT-Windows" daemon [_thread_in_native, id=7544, stack(0x000000005ab50000,0x000000005ac50000)]
  0x0000000057fa4000 JavaThread "AWT-Shutdown" [_thread_blocked, id=2256, stack(0x000000005a8f0000,0x000000005a9f0000)]
  0x0000000056821800 JavaThread "Java2D Disposer" daemon [_thread_blocked, id=4260, stack(0x000000005aa40000,0x000000005ab40000)]
  0x0000000057905800 JavaThread "Thread-4" daemon [_thread_in_native, id=8712, stack(0x00000000596a0000,0x00000000597a0000)]
  0x000000005794d800 JavaThread "Thread-3" daemon [_thread_in_native, id=8708, stack(0x0000000059480000,0x0000000059580000)]
  0x0000000057912000 JavaThread "Thread-2" [_thread_in_native, id=8696, stack(0x0000000057e00000,0x0000000057f00000)]
  0x000000005659e000 JavaThread "Service Thread" daemon [_thread_blocked, id=8656, stack(0x0000000056f40000,0x0000000057040000)]
  0x000000005659b000 JavaThread "C1 CompilerThread2" daemon [_thread_blocked, id=8652, stack(0x0000000057080000,0x0000000057180000)]
  0x000000005655d000 JavaThread "C2 CompilerThread1" daemon [_thread_blocked, id=8648, stack(0x0000000056e20000,0x0000000056f20000)]
  0x000000005654b000 JavaThread "C2 CompilerThread0" daemon [_thread_blocked, id=8644, stack(0x0000000056d10000,0x0000000056e10000)]
  0x0000000056547800 JavaThread "Attach Listener" daemon [_thread_blocked, id=8640, stack(0x0000000056b30000,0x0000000056c30000)]
  0x0000000056546000 JavaThread "Signal Dispatcher" daemon [_thread_blocked, id=8636, stack(0x00000000569b0000,0x0000000056ab0000)]
  0x0000000055041000 JavaThread "Finalizer" daemon [_thread_blocked, id=8632, stack(0x0000000056440000,0x0000000056540000)]
  0x000000005503b800 JavaThread "Reference Handler" daemon [_thread_blocked, id=8628, stack(0x0000000056240000,0x0000000056340000)]
=>0x00000000001ce800 JavaThread "main" [_thread_in_native, id=8604, stack(0x0000000002650000,0x0000000002750000)]

Other Threads:
  0x0000000055037800 VMThread [stack: 0x0000000056120000,0x0000000056220000] [id=8624]
  0x000000005659f800 WatcherThread [stack: 0x00000000572a0000,0x00000000573a0000] [id=8660]

VM state:not at safepoint (normal execution)

VM Mutex/Monitor currently owned by a thread: None

Heap:
 PSYoungGen      total 36864K, used 29054K [0x00000000eb200000, 0x00000000ed900000, 0x0000000100000000)
  eden space 33792K, 85% used [0x00000000eb200000,0x00000000ece27b50,0x00000000ed300000)
  from space 3072K, 7% used [0x00000000ed600000,0x00000000ed638000,0x00000000ed900000)
  to   space 3072K, 0% used [0x00000000ed300000,0x00000000ed300000,0x00000000ed600000)
 ParOldGen       total 64000K, used 29259K [0x00000000c1600000, 0x00000000c5480000, 0x00000000eb200000)
  object space 64000K, 45% used [0x00000000c1600000,0x00000000c3292fb0,0x00000000c5480000)
 Metaspace       used 17410K, capacity 17554K, committed 17664K, reserved 1064960K
  class space    used 2207K, capacity 2238K, committed 2304K, reserved 1048576K

Card table byte_map: [0x0000000011de0000,0x0000000011fe0000] byte_map_base: 0x00000000117d5000

Marking Bits: (ParMarkBitMap*) 0x000000005a8213b0
 Begin Bits: [0x0000000012560000, 0x0000000013508000)
 End Bits:   [0x0000000013508000, 0x00000000144b0000)

Polling page: 0x0000000000160000

CodeCache: size=245760Kb used=4282Kb max_used=4302Kb free=241477Kb
 bounds [0x0000000002a20000, 0x0000000002e60000, 0x0000000011a20000]
 total_blobs=1619 nmethods=1151 adapters=382
 compilation: enabled

Compilation events (10 events):
Event: 7.906 Thread 0x000000005654b000 nmethod 1146% 0x0000000002e3a850 code [0x0000000002e3a9a0, 0x0000000002e3ac18]
Event: 7.909 Thread 0x000000005655d000 nmethod 1147 0x0000000002e30b90 code [0x0000000002e30ce0, 0x0000000002e30f78]
Event: 7.909 Thread 0x000000005655d000 1148       4       java.awt.image.ComponentColorModel::getDataElements (3206 bytes)
Event: 7.932 Thread 0x000000005659b000 1149 %     3       sun.java2d.loops.OpaqueCopyArgbToAny::Blit @ 172 (232 bytes)
Event: 7.934 Thread 0x000000005659b000 nmethod 1149% 0x0000000002e3b850 code [0x0000000002e3bac0, 0x0000000002e3cd98]
Event: 7.935 Thread 0x000000005659b000 1150       3       sun.java2d.loops.OpaqueCopyArgbToAny::Blit (232 bytes)
Event: 7.936 Thread 0x000000005659b000 nmethod 1150 0x0000000002e4b5d0 code [0x0000000002e4b820, 0x0000000002e4c718]
Event: 7.943 Thread 0x000000005654b000 1151 %     4       sun.java2d.loops.OpaqueCopyArgbToAny::Blit @ 172 (232 bytes)
Event: 8.067 Thread 0x000000005654b000 nmethod 1151% 0x0000000002e4f250 code [0x0000000002e4f3e0, 0x0000000002e4fd08]
Event: 8.120 Thread 0x000000005655d000 nmethod 1148 0x0000000002e54ed0 code [0x0000000002e55460, 0x0000000002e594a0]

GC Heap History (10 events):
Event: 1.342 GC heap before
{Heap before GC invocations=10 (full 0):
 PSYoungGen      total 9728K, used 9481K [0x00000000eb200000, 0x00000000ec200000, 0x0000000100000000)
  eden space 8192K, 100% used [0x00000000eb200000,0x00000000eba00000,0x00000000eba00000)
  from space 1536K, 83% used [0x00000000eba00000,0x00000000ebb424b8,0x00000000ebb80000)
  to   space 1536K, 0% used [0x00000000ec080000,0x00000000ec080000,0x00000000ec200000)
 ParOldGen       total 64000K, used 1384K [0x00000000c1600000, 0x00000000c5480000, 0x00000000eb200000)
  object space 64000K, 2% used [0x00000000c1600000,0x00000000c175a378,0x00000000c5480000)
 Metaspace       used 8013K, capacity 8144K, committed 8320K, reserved 1056768K
  class space    used 1024K, capacity 1072K, committed 1152K, reserved 1048576K
Event: 1.344 GC heap after
Heap after GC invocations=10 (full 0):
 PSYoungGen      total 14848K, used 1227K [0x00000000eb200000, 0x00000000ec200000, 0x0000000100000000)
  eden space 13312K, 0% used [0x00000000eb200000,0x00000000eb200000,0x00000000ebf00000)
  from space 1536K, 79% used [0x00000000ec080000,0x00000000ec1b2cd8,0x00000000ec200000)
  to   space 1536K, 0% used [0x00000000ebf00000,0x00000000ebf00000,0x00000000ec080000)
 ParOldGen       total 64000K, used 1856K [0x00000000c1600000, 0x00000000c5480000, 0x00000000eb200000)
  object space 64000K, 2% used [0x00000000c1600000,0x00000000c17d03a0,0x00000000c5480000)
 Metaspace       used 8013K, capacity 8144K, committed 8320K, reserved 1056768K
  class space    used 1024K, capacity 1072K, committed 1152K, reserved 1048576K
}
Event: 1.646 GC heap before
{Heap before GC invocations=11 (full 0):
 PSYoungGen      total 14848K, used 14539K [0x00000000eb200000, 0x00000000ec200000, 0x0000000100000000)
  eden space 13312K, 100% used [0x00000000eb200000,0x00000000ebf00000,0x00000000ebf00000)
  from space 1536K, 79% used [0x00000000ec080000,0x00000000ec1b2cd8,0x00000000ec200000)
  to   space 1536K, 0% used [0x00000000ebf00000,0x00000000ebf00000,0x00000000ec080000)
 ParOldGen       total 64000K, used 1856K [0x00000000c1600000, 0x00000000c5480000, 0x00000000eb200000)
  object space 64000K, 2% used [0x00000000c1600000,0x00000000c17d03a0,0x00000000c5480000)
 Metaspace       used 10850K, capacity 11014K, committed 11264K, reserved 1058816K
  class space    used 1404K, capacity 1429K, committed 1536K, reserved 1048576K
Event: 1.649 GC heap after
Heap after GC invocations=11 (full 0):
 PSYoungGen      total 14848K, used 1512K [0x00000000eb200000, 0x00000000ecb00000, 0x0000000100000000)
  eden space 13312K, 0% used [0x00000000eb200000,0x00000000eb200000,0x00000000ebf00000)
  from space 1536K, 98% used [0x00000000ebf00000,0x00000000ec07a038,0x00000000ec080000)
  to   space 2048K, 0% used [0x00000000ec900000,0x00000000ec900000,0x00000000ecb00000)
 ParOldGen       total 64000K, used 2136K [0x00000000c1600000, 0x00000000c5480000, 0x00000000eb200000)
  object space 64000K, 3% used [0x00000000c1600000,0x00000000c18163c0,0x00000000c5480000)
 Metaspace       used 10850K, capacity 11014K, committed 11264K, reserved 1058816K
  class space    used 1404K, capacity 1429K, committed 1536K, reserved 1048576K
}
Event: 4.584 GC heap before
{Heap before GC invocations=12 (full 0):
 PSYoungGen      total 14848K, used 14824K [0x00000000eb200000, 0x00000000ecb00000, 0x0000000100000000)
  eden space 13312K, 100% used [0x00000000eb200000,0x00000000ebf00000,0x00000000ebf00000)
  from space 1536K, 98% used [0x00000000ebf00000,0x00000000ec07a038,0x00000000ec080000)
  to   space 2048K, 0% used [0x00000000ec900000,0x00000000ec900000,0x00000000ecb00000)
 ParOldGen       total 64000K, used 2136K [0x00000000c1600000, 0x00000000c5480000, 0x00000000eb200000)
  object space 64000K, 3% used [0x00000000c1600000,0x00000000c18163c0,0x00000000c5480000)
 Metaspace       used 12674K, capacity 12850K, committed 13056K, reserved 1060864K
  class space    used 1669K, capacity 1694K, committed 1792K, reserved 1048576K
Event: 4.629 GC heap after
Heap after GC invocations=12 (full 0):
 PSYoungGen      total 23040K, used 2037K [0x00000000eb200000, 0x00000000ecc00000, 0x0000000100000000)
  eden space 20992K, 0% used [0x00000000eb200000,0x00000000eb200000,0x00000000ec680000)
  from space 2048K, 99% used [0x00000000ec900000,0x00000000ecafd780,0x00000000ecb00000)
  to   space 2560K, 0% used [0x00000000ec680000,0x00000000ec680000,0x00000000ec900000)
 ParOldGen       total 64000K, used 2788K [0x00000000c1600000, 0x00000000c5480000, 0x00000000eb200000)
  object space 64000K, 4% used [0x00000000c1600000,0x00000000c18b92d0,0x00000000c5480000)
 Metaspace       used 12674K, capacity 12850K, committed 13056K, reserved 1060864K
  class space    used 1669K, capacity 1694K, committed 1792K, reserved 1048576K
}
Event: 7.705 GC heap before
{Heap before GC invocations=13 (full 0):
 PSYoungGen      total 23040K, used 22345K [0x00000000eb200000, 0x00000000ecc00000, 0x0000000100000000)
  eden space 20992K, 96% used [0x00000000eb200000,0x00000000ec5d4ee0,0x00000000ec680000)
  from space 2048K, 99% used [0x00000000ec900000,0x00000000ecafd780,0x00000000ecb00000)
  to   space 2560K, 0% used [0x00000000ec680000,0x00000000ec680000,0x00000000ec900000)
 ParOldGen       total 64000K, used 2788K [0x00000000c1600000, 0x00000000c5480000, 0x00000000eb200000)
  object space 64000K, 4% used [0x00000000c1600000,0x00000000c18b92d0,0x00000000c5480000)
 Metaspace       used 16756K, capacity 16914K, committed 17024K, reserved 1064960K
  class space    used 2141K, capacity 2174K, committed 2176K, reserved 1048576K
Event: 7.713 GC heap after
Heap after GC invocations=13 (full 0):
 PSYoungGen      total 23552K, used 2535K [0x00000000eb200000, 0x00000000ed900000, 0x0000000100000000)
  eden space 20992K, 0% used [0x00000000eb200000,0x00000000eb200000,0x00000000ec680000)
  from space 2560K, 99% used [0x00000000ec680000,0x00000000ec8f9c70,0x00000000ec900000)
  to   space 3072K, 0% used [0x00000000ed600000,0x00000000ed600000,0x00000000ed900000)
 ParOldGen       total 64000K, used 3884K [0x00000000c1600000, 0x00000000c5480000, 0x00000000eb200000)
  object space 64000K, 6% used [0x00000000c1600000,0x00000000c19cb180,0x00000000c5480000)
 Metaspace       used 16756K, capacity 16914K, committed 17024K, reserved 1064960K
  class space    used 2141K, capacity 2174K, committed 2176K, reserved 1048576K
}
Event: 7.945 GC heap before
{Heap before GC invocations=14 (full 0):
 PSYoungGen      total 23552K, used 23527K [0x00000000eb200000, 0x00000000ed900000, 0x0000000100000000)
  eden space 20992K, 100% used [0x00000000eb200000,0x00000000ec680000,0x00000000ec680000)
  from space 2560K, 99% used [0x00000000ec680000,0x00000000ec8f9c70,0x00000000ec900000)
  to   space 3072K, 0% used [0x00000000ed600000,0x00000000ed600000,0x00000000ed900000)
 ParOldGen       total 64000K, used 3884K [0x00000000c1600000, 0x00000000c5480000, 0x00000000eb200000)
  object space 64000K, 6% used [0x00000000c1600000,0x00000000c19cb180,0x00000000c5480000)
 Metaspace       used 17402K, capacity 17554K, committed 17664K, reserved 1064960K
  class space    used 2206K, capacity 2238K, committed 2304K, reserved 1048576K
Event: 8.041 GC heap after
Heap after GC invocations=14 (full 0):
 PSYoungGen      total 36864K, used 224K [0x00000000eb200000, 0x00000000ed900000, 0x0000000100000000)
  eden space 33792K, 0% used [0x00000000eb200000,0x00000000eb200000,0x00000000ed300000)
  from space 3072K, 7% used [0x00000000ed600000,0x00000000ed638000,0x00000000ed900000)
  to   space 3072K, 0% used [0x00000000ed300000,0x00000000ed300000,0x00000000ed600000)
 ParOldGen       total 64000K, used 29259K [0x00000000c1600000, 0x00000000c5480000, 0x00000000eb200000)
  object space 64000K, 45% used [0x00000000c1600000,0x00000000c3292fb0,0x00000000c5480000)
 Metaspace       used 17402K, capacity 17554K, committed 17664K, reserved 1064960K
  class space    used 2206K, capacity 2238K, committed 2304K, reserved 1048576K
}

Deoptimization events (5 events):
Event: 1.268 Thread 0x00000000001ce800 Uncommon trap: reason=unreached action=reinterpret pc=0x0000000002c286a0 method=java.lang.AbstractStringBuilder.append(Ljava/lang/String;)Ljava/lang/AbstractStringBuilder; @ 1
Event: 1.533 Thread 0x00000000001ce800 Uncommon trap: reason=unreached action=reinterpret pc=0x0000000002bfe3e4 method=java.lang.AbstractStringBuilder.append(Ljava/lang/String;)Ljava/lang/AbstractStringBuilder; @ 1
Event: 7.403 Thread 0x00000000001ce800 Uncommon trap: reason=bimorphic action=maybe_recompile pc=0x0000000002da037c method=java.util.HashMap.putVal(ILjava/lang/Object;Ljava/lang/Object;ZZ)Ljava/lang/Object; @ 203
Event: 7.461 Thread 0x00000000001ce800 Uncommon trap: reason=class_check action=maybe_recompile pc=0x0000000002bb13c0 method=sun.misc.URLClassPath.getLoader(I)Lsun/misc/URLClassPath$Loader; @ 94
Event: 7.591 Thread 0x00000000001ce800 Uncommon trap: reason=bimorphic action=maybe_recompile pc=0x0000000002da037c method=java.util.HashMap.putVal(ILjava/lang/Object;Ljava/lang/Object;ZZ)Ljava/lang/Object; @ 203

Internal exceptions (10 events):
Event: 7.700 Thread 0x00000000001ce800 Exception <a 'java/security/PrivilegedActionException'> (0x00000000ec531e68) thrown at [D:\re\workspace\8-2-build-windows-amd64-cygwin\jdk8\2238\hotspot\src\share\vm\prims\jvm.cpp, line 1248]
Event: 7.700 Thread 0x00000000001ce800 Exception <a 'java/security/PrivilegedActionException'> (0x00000000ec53c2d0) thrown at [D:\re\workspace\8-2-build-windows-amd64-cygwin\jdk8\2238\hotspot\src\share\vm\prims\jvm.cpp, line 1248]
Event: 7.701 Thread 0x00000000001ce800 Exception <a 'java/security/PrivilegedActionException'> (0x00000000ec549228) thrown at [D:\re\workspace\8-2-build-windows-amd64-cygwin\jdk8\2238\hotspot\src\share\vm\prims\jvm.cpp, line 1248]
Event: 7.701 Thread 0x00000000001ce800 Exception <a 'java/security/PrivilegedActionException'> (0x00000000ec553498) thrown at [D:\re\workspace\8-2-build-windows-amd64-cygwin\jdk8\2238\hotspot\src\share\vm\prims\jvm.cpp, line 1248]
Event: 7.703 Thread 0x00000000001ce800 Exception <a 'java/security/PrivilegedActionException'> (0x00000000ec563208) thrown at [D:\re\workspace\8-2-build-windows-amd64-cygwin\jdk8\2238\hotspot\src\share\vm\prims\jvm.cpp, line 1248]
Event: 7.750 Thread 0x00000000001ce800 Exception <a 'java/security/PrivilegedActionException'> (0x00000000eb601ef0) thrown at [D:\re\workspace\8-2-build-windows-amd64-cygwin\jdk8\2238\hotspot\src\share\vm\prims\jvm.cpp, line 1248]
Event: 7.750 Thread 0x00000000001ce800 Exception <a 'java/security/PrivilegedActionException'> (0x00000000eb60ca18) thrown at [D:\re\workspace\8-2-build-windows-amd64-cygwin\jdk8\2238\hotspot\src\share\vm\prims\jvm.cpp, line 1248]
Event: 7.752 Thread 0x00000000001ce800 Exception <a 'java/security/PrivilegedActionException'> (0x00000000eb618098) thrown at [D:\re\workspace\8-2-build-windows-amd64-cygwin\jdk8\2238\hotspot\src\share\vm\prims\jvm.cpp, line 1248]
Event: 8.148 Thread 0x00000000001ce800 Exception <a 'java/security/PrivilegedActionException'> (0x00000000ece10b28) thrown at [D:\re\workspace\8-2-build-windows-amd64-cygwin\jdk8\2238\hotspot\src\share\vm\prims\jvm.cpp, line 1248]
Event: 8.155 Thread 0x00000000001ce800 Exception <a 'java/security/PrivilegedActionException'> (0x00000000ece184d0) thrown at [D:\re\workspace\8-2-build-windows-amd64-cygwin\jdk8\2238\hotspot\src\share\vm\prims\jvm.cpp, line 1248]

Events (10 events):
Event: 8.119 Thread 0x00000000001ce800 DEOPT PACKING pc=0x0000000002e44a69 sp=0x000000000274ea40
Event: 8.119 Thread 0x00000000001ce800 DEOPT UNPACKING pc=0x0000000002a67604 sp=0x000000000274e7c8 mode 0
Event: 8.119 Thread 0x00000000001ce800 DEOPT PACKING pc=0x0000000002e44a69 sp=0x000000000274ea40
Event: 8.119 Thread 0x00000000001ce800 DEOPT UNPACKING pc=0x0000000002a67604 sp=0x000000000274e7c8 mode 0
Event: 8.120 Thread 0x00000000001ce800 DEOPT PACKING pc=0x0000000002e44a69 sp=0x000000000274ea40
Event: 8.120 Thread 0x00000000001ce800 DEOPT UNPACKING pc=0x0000000002a67604 sp=0x000000000274e7c8 mode 0
Event: 8.148 loading class org/sikuli/natives/Mat
Event: 8.148 loading class org/sikuli/natives/Mat done
Event: 8.154 loading class org/sikuli/natives/FindResults
Event: 8.155 loading class org/sikuli/natives/FindResults done


Dynamic libraries:
0x000000013f320000 - 0x000000013f354000 	C:\Program Files\Java\jdk1.8.0\bin\javaw.exe
0x00000000771f0000 - 0x000000007739a000 	C:\Windows\SYSTEM32\ntdll.dll
0x00000000770d0000 - 0x00000000771ef000 	C:\Windows\system32\kernel32.dll
0x000007fefd200000 - 0x000007fefd26a000 	C:\Windows\system32\KERNELBASE.dll
0x000007fefd5c0000 - 0x000007fefd69b000 	C:\Windows\system32\ADVAPI32.dll
0x000007fefe180000 - 0x000007fefe21f000 	C:\Windows\system32\msvcrt.dll
0x000007fefe140000 - 0x000007fefe15f000 	C:\Windows\SYSTEM32\sechost.dll
0x000007fefdf40000 - 0x000007fefe06d000 	C:\Windows\system32\RPCRT4.dll
0x0000000076fd0000 - 0x00000000770ca000 	C:\Windows\system32\USER32.dll
0x000007feff190000 - 0x000007feff1f7000 	C:\Windows\system32\GDI32.dll
0x000007fefda00000 - 0x000007fefda0e000 	C:\Windows\system32\LPK.dll
0x000007fefe070000 - 0x000007fefe13a000 	C:\Windows\system32\USP10.dll
0x000007fefb1c0000 - 0x000007fefb3b4000 	C:\Windows\WinSxS\amd64_microsoft.windows.common-controls_6595b64144ccf1df_6.0.7601.18837_none_fa3b1e3d17594757\COMCTL32.dll
0x000007fefd6a0000 - 0x000007fefd711000 	C:\Windows\system32\SHLWAPI.dll
0x000007fefd2e0000 - 0x000007fefd30e000 	C:\Windows\system32\IMM32.DLL
0x000007fefda10000 - 0x000007fefdb19000 	C:\Windows\system32\MSCTF.dll
0x000007fef3420000 - 0x000007fef34ca000 	C:\Program Files\McAfee\Endpoint Security\Threat Prevention\Ips\EpMPApi.dll
0x0000000071dd0000 - 0x0000000071ddb000 	C:\Program Files\McAfee\Endpoint Security\Threat Prevention\Ips\EpMPThe.dll
0x00000000683c0000 - 0x0000000068492000 	C:\Program Files\Java\jdk1.8.0\jre\bin\msvcr100.dll
0x000000005a070000 - 0x000000005a89a000 	C:\Program Files\Java\jdk1.8.0\jre\bin\server\jvm.dll
0x000007fef6f30000 - 0x000007fef6f39000 	C:\Windows\system32\WSOCK32.dll
0x000007fefde50000 - 0x000007fefde9d000 	C:\Windows\system32\WS2_32.dll
0x000007feff200000 - 0x000007feff208000 	C:\Windows\system32\NSI.dll
0x000007fefa9e0000 - 0x000007fefaa1b000 	C:\Windows\system32\WINMM.dll
0x00000000773c0000 - 0x00000000773c7000 	C:\Windows\system32\PSAPI.DLL
0x0000000073d90000 - 0x0000000073d9f000 	C:\Program Files\Java\jdk1.8.0\jre\bin\verify.dll
0x0000000073b20000 - 0x0000000073b48000 	C:\Program Files\Java\jdk1.8.0\jre\bin\java.dll
0x0000000073b00000 - 0x0000000073b16000 	C:\Program Files\Java\jdk1.8.0\jre\bin\zip.dll
0x000007fefe400000 - 0x000007feff18a000 	C:\Windows\system32\SHELL32.dll
0x000007feff210000 - 0x000007feff413000 	C:\Windows\system32\ole32.dll
0x000007fefcf30000 - 0x000007fefcf3f000 	C:\Windows\system32\profapi.dll
0x0000000073ae0000 - 0x0000000073afa000 	C:\Program Files\Java\jdk1.8.0\jre\bin\net.dll
0x000007fefc700000 - 0x000007fefc755000 	C:\Windows\system32\mswsock.dll
0x000007fefc6f0000 - 0x000007fefc6f7000 	C:\Windows\System32\wship6.dll
0x000007fefc0d0000 - 0x000007fefc0d7000 	C:\Windows\System32\wshtcpip.dll
0x000007fefc580000 - 0x000007fefc5db000 	C:\Windows\system32\DNSAPI.dll
0x000007fefad40000 - 0x000007fefad67000 	C:\Windows\system32\IPHLPAPI.DLL
0x000007fefad30000 - 0x000007fefad3b000 	C:\Windows\system32\WINNSI.DLL
0x000007fef8060000 - 0x000007fef8068000 	C:\Windows\system32\rasadhlp.dll
0x000007fefaa70000 - 0x000007fefaac3000 	C:\Windows\System32\fwpuclnt.dll
0x000007fefaa40000 - 0x000007fefaa58000 	C:\Windows\system32\dhcpcsvc.DLL
0x000007fefaa20000 - 0x000007fefaa31000 	C:\Windows\system32\dhcpcsvc6.DLL
0x000007fefc760000 - 0x000007fefc778000 	C:\Windows\system32\CRYPTSP.dll
0x000007fefc460000 - 0x000007fefc4a7000 	C:\Windows\system32\rsaenh.dll
0x000007fefd280000 - 0x000007fefd29e000 	C:\Windows\system32\USERENV.dll
0x000007fefcdc0000 - 0x000007fefcdcf000 	C:\Windows\system32\CRYPTBASE.dll
0x000007fefb890000 - 0x000007fefb8a5000 	C:\Windows\system32\NLAapi.dll
0x000007fef80b0000 - 0x000007fef80c5000 	C:\Windows\system32\napinsp.dll
0x000007fef8090000 - 0x000007fef80a9000 	C:\Windows\system32\pnrpnsp.dll
0x000007fef8080000 - 0x000007fef808b000 	C:\Windows\System32\winrnr.dll
0x000007fef8070000 - 0x000007fef8080000 	C:\Windows\system32\wshbth.dll
0x0000000073ac0000 - 0x0000000073ad1000 	C:\Program Files\Java\jdk1.8.0\jre\bin\nio.dll
0x0000000073a90000 - 0x0000000073ab4000 	C:\Program Files\Java\jdk1.8.0\jre\bin\sunec.dll
0x000007fefcd60000 - 0x000007fefcdb7000 	C:\Windows\system32\apphelp.dll
0x000007fef44e0000 - 0x000007fef4509000 	C:\Users\vinayak.bansal\AppData\Local\Temp\BridJExtractedLibraries6405042270636241406\bridj.dll
0x00000000681c0000 - 0x0000000068224000 	D:\Software\SeleniumRelatedJars\libs\VisionProxy.dll
0x0000000061440000 - 0x000000006145a000 	D:\Software\SeleniumRelatedJars\libs\libgcc_s_seh-1.dll
0x0000000064940000 - 0x0000000064955000 	D:\Software\SeleniumRelatedJars\libs\libwinpthread-1.dll
0x000000006fc40000 - 0x000000006fd2a000 	D:\Software\SeleniumRelatedJars\libs\libstdc++-6.dll
0x00000000631c0000 - 0x0000000063295000 	D:\Software\SeleniumRelatedJars\libs\libopencv_highgui248.dll
0x000000006fd80000 - 0x000000006ff7e000 	D:\Software\SeleniumRelatedJars\libs\libopencv_core248.dll
0x0000000065d80000 - 0x0000000065fd7000 	D:\Software\SeleniumRelatedJars\libs\libopencv_imgproc248.dll
0x0000000068a00000 - 0x0000000068d9e000 	D:\Software\SeleniumRelatedJars\libs\libtesseract-3.dll
0x000000006ef80000 - 0x000000006f135000 	D:\Software\SeleniumRelatedJars\libs\liblept-3.dll
0x0000000061a00000 - 0x0000000061a32000 	D:\Software\SeleniumRelatedJars\libs\libpng14-14.dll
0x0000000065500000 - 0x0000000065523000 	D:\Software\SeleniumRelatedJars\libs\libz-1.dll
0x0000000064290000 - 0x0000000064426000 	C:\Program Files\Java\jdk1.8.0\jre\bin\awt.dll
0x000007feff420000 - 0x000007feff4fa000 	C:\Windows\system32\OLEAUT32.dll
0x000007fefa8e0000 - 0x000007fefa8f8000 	C:\Windows\system32\DWMAPI.DLL
0x000007fefafb0000 - 0x000007fefb006000 	C:\Windows\system32\uxtheme.dll
0x000007fee9860000 - 0x000007fee9a5f000 	C:\Windows\system32\d3d9.dll
0x000007fefc000000 - 0x000007fefc00c000 	C:\Windows\system32\VERSION.dll
0x000007fefa5d0000 - 0x000007fefa5d7000 	C:\Windows\system32\d3d8thk.dll
0x000007fee6220000 - 0x000007fee79c7000 	C:\Windows\system32\igdumdim64.dll
0x000007feef870000 - 0x000007fef0254000 	C:\Windows\system32\igdusc64.dll
0x000007fef7bf0000 - 0x000007fef7d15000 	C:\Windows\system32\dbghelp.dll

VM Arguments:
jvm_args: -Dfile.encoding=Cp1252 
java_command: SelFrDemo.Sikuli
java_class_path (initial): D:\Vinayak\workspace\Demo\bin;D:\Eclipse Luna\eclipse-java-luna-SR2-win32-x86_64\eclipse\plugins\org.testng.eclipse_6.9.11.201604020423\lib\testng.jar;D:\Eclipse Luna\eclipse-java-luna-SR2-win32-x86_64\eclipse\plugins\org.testng.eclipse_6.9.11.201604020423\lib\jcommander.jar;D:\Eclipse Luna\eclipse-java-luna-SR2-win32-x86_64\eclipse\plugins\org.testng.eclipse_6.9.11.201604020423\lib\bsh-2.0b4.jar;D:\Eclipse Luna\eclipse-java-luna-SR2-win32-x86_64\eclipse\plugins\org.testng.eclipse_6.9.11.201604020423\lib\snakeyaml.jar;D:\Software\SeleniumRelatedJars\activation-2.2.1.jar;D:\Software\SeleniumRelatedJars\apache-mime4j-0.6.jar;D:\Software\SeleniumRelatedJars\bsh-1.3.0.jar;D:\Software\SeleniumRelatedJars\cglib-nodep-2.1_3.jar;D:\Software\SeleniumRelatedJars\collections.jar;D:\Software\SeleniumRelatedJars\commons-codec-1.9.jar;D:\Software\SeleniumRelatedJars\commons-codec-1.10.jar;D:\Software\SeleniumRelatedJars\commons-collections-3.2.1.jar;D:\Software\SeleniumRelatedJars\commons-el-1.0.jar;D:\Software\SeleniumRelatedJars\commons-exec-1.1.jar;D:\Software\SeleniumRelatedJars\commons-exec-1.3.jar;D:\Software\SeleniumRelatedJars\commons-io-2.4.jar;D:\Software\SeleniumRelatedJars\commons-jxpath-1.3.jar;D:\Software\SeleniumRelatedJars\commons-lang3-3.3.2.jar;D:\Software\SeleniumRelatedJars\commons-lang3-3.4.jar;D:\Software\SeleniumRelatedJars\commons-logging-1.1.3.jar;D:\Software\SeleniumRelatedJars\cssparser-0.9.14.jar;D:\Software\SeleniumRelatedJars\cssparser-0.9.16.jar;D:\Software\SeleniumRelatedJars\dom4j-1.6.1.jar;D:\Software\SeleniumRelatedJars\extentreports-java-2.10.jar;D:\Software\SeleniumRelatedJars\gson-2.3.1.jar;D:\Software\SeleniumRelatedJars\gson-2.3.jar;D:\Software\SeleniumRelatedJars\guava-18.0.jar;D:\Software\SeleniumRelatedJars\hamcrest-core-1.3.jar;D:\Software\SeleniumRelatedJars\hamcrest-library-1.3.jar;D:\Software\SeleniumRelatedJars\htmlunit-2.15.jar;D:\Software\SeleniumRelatedJars\htmlunit-2.18.jar;D:\Software\SeleniumRelate
Launcher Type: SUN_STANDARD

Environment Variables:
PATH=D:\Software\SeleniumRelatedJars\libs;C:/Program Files/Java/jdk1.8.0/jre/bin/server;C:/Program Files/Java/jdk1.8.0/jre/bin;C:/Program Files/Java/jdk1.8.0/jre/lib/amd64;C:\ProgramData\Oracle\Java\javapath;C:\Windows\system32;C:\Windows;C:\Windows\System32\Wbem;C:\Windows\System32\WindowsPowerShell\v1.0\;C:\Program Files\Intel\WiFi\bin\;C:\Program Files\Common Files\Intel\WirelessCommon\;C:\Program Files\McAfee\Endpoint Security\Firewall\;C:\Program Files (x86)\Skype\Phone\;D:\SDK\tools;D:\SDK\platform-tools\;;C:\Android;C:\Windows\System32;C:\Program Files\Java\jdk1.8.0\bin;D:\Eclipse Luna\eclipse-java-luna-SR2-win32-x86_64\eclipse;
USERNAME=vinayak.bansal
OS=Windows_NT
PROCESSOR_IDENTIFIER=Intel64 Family 6 Model 69 Stepping 1, GenuineIntel



---------------  S Y S T E M  ---------------

OS: Windows 7 , 64 bit Build 7601 Service Pack 1

CPU:total 4 (2 cores per cpu, 2 threads per core) family 6 model 69 stepping 1, cmov, cx8, fxsr, mmx, sse, sse2, sse3, ssse3, sse4.1, sse4.2, popcnt, avx, avx2, aes, clmul, erms, ht, tsc, tscinvbit

Memory: 4k page, physical 4097480k(454576k free), swap 8193100k(3075588k free)

vm_info: Java HotSpot(TM) 64-Bit Server VM (25.0-b70) for windows-amd64 JRE (1.8.0-b132), built on Mar  4 2014 03:46:18 by "java_re" with MS VC++ 10.0 (VS2010)

time: Thu Feb 23 20:20:32 2017
elapsed time: 8 seconds

