#
# A fatal error has been detected by the Java Runtime Environment:
#
#  EXCEPTION_ACCESS_VIOLATION (0xc0000005) at pc=0x0000000068b1533d, pid=8428, tid=5848
#
# JRE version: Java(TM) SE Runtime Environment (8.0-b132) (build 1.8.0-b132)
# Java VM: Java HotSpot(TM) 64-Bit Server VM (25.0-b70 mixed mode windows-amd64 compressed oops)
# Problematic frame:
# C  [libtesseract-3.dll+0x11533d]
#
# Failed to write core dump. Minidumps are not enabled by default on client versions of Windows
#
# If you would like to submit a bug report, please visit:
#   http://bugreport.sun.com/bugreport/crash.jsp
# The crash happened outside the Java Virtual Machine in native code.
# See problematic frame for where to report the bug.
#

---------------  T H R E A D  ---------------

Current thread (0x000000000038e800):  JavaThread "main" [_thread_in_native, id=5848, stack(0x00000000024b0000,0x00000000025b0000)]

siginfo: ExceptionCode=0xc0000005, reading address 0x0000000000000000

Registers:
RAX=0x0000000000000000, RBX=0x00000000004b2760, RCX=0x0000000000000000, RDX=0x000000000000008f
RSP=0x00000000025ac9b0, RBP=0x0000000000000000, RSI=0x000000005984f0d0, RDI=0x0000000059810ec0
R8 =0x000000005984f0c0, R9 =0x000000005984f0d0, R10=0x0000000000000001, R11=0x000000000000047b
R12=0x00000000025aca30, R13=0x00000000004b2760, R14=0x0000000059810ec0, R15=0x00000000004b2760
RIP=0x0000000068b1533d, EFLAGS=0x0000000000010202

Top of Stack: (sp=0x00000000025ac9b0)
0x00000000025ac9b0:   0000000000000000 0000000000000000
0x00000000025ac9c0:   0000000000000000 0000000000000000
0x00000000025ac9d0:   0000000000000000 0000000000000000
0x00000000025ac9e0:   0000000000000000 0000000000000000
0x00000000025ac9f0:   0000000000000000 0000000000000000
0x00000000025aca00:   0000000000000000 0000000000000000
0x00000000025aca10:   000000005980f0a8 0000000000000000
0x00000000025aca20:   0000000000000000 0000000000000000
0x00000000025aca30:   0000000000000000 0000000000000000
0x00000000025aca40:   0000000000000000 0000000000000000
0x00000000025aca50:   0000000000000000 0000000000000000
0x00000000025aca60:   0000000000000000 0000000000000000
0x00000000025aca70:   0000000000000000 0000000000000000
0x00000000025aca80:   0000000000000000 0000000000000000
0x00000000025aca90:   0000000000000000 0000000000000000
0x00000000025acaa0:   0000000000000000 0000000000000000 

Instructions: (pc=0x0000000068b1533d)
0x0000000068b1531d:   89 cd 4c 8d a4 24 80 00 00 00 e8 4c c2 07 00 48
0x0000000068b1532d:   89 c6 49 8b 85 60 09 00 00 49 63 8d d8 00 00 00
0x0000000068b1533d:   48 63 00 39 c1 48 0f 4c c8 e8 2d c2 07 00 48 89
0x0000000068b1534d:   c3 48 8b 84 24 f0 08 00 00 4c 8b 44 24 60 48 c7 


Register to memory mapping:

RAX=0x0000000000000000 is an unknown value
RBX=0x00000000004b2760 is an unknown value
RCX=0x0000000000000000 is an unknown value
RDX=0x000000000000008f is an unknown value
RSP=0x00000000025ac9b0 is pointing into the stack for thread: 0x000000000038e800
RBP=0x0000000000000000 is an unknown value
RSI=0x000000005984f0d0 is an unknown value
RDI=0x0000000059810ec0 is an unknown value
R8 =0x000000005984f0c0 is an unknown value
R9 =0x000000005984f0d0 is an unknown value
R10=0x0000000000000001 is an unknown value
R11=0x000000000000047b is an unknown value
R12=0x00000000025aca30 is pointing into the stack for thread: 0x000000000038e800
R13=0x00000000004b2760 is an unknown value
R14=0x0000000059810ec0 is an unknown value
R15=0x00000000004b2760 is an unknown value


Stack: [0x00000000024b0000,0x00000000025b0000],  sp=0x00000000025ac9b0,  free space=1010k
Native frames: (J=compiled Java code, j=interpreted, Vv=VM code, C=native code)

Java frames: (J=compiled Java code, j=interpreted, Vv=VM code)
j  org.sikuli.natives.VisionProxyJNI.Vision_find(JLorg/sikuli/natives/FindInput;)J+0
j  org.sikuli.natives.Vision.find(Lorg/sikuli/natives/FindInput;)Lorg/sikuli/natives/FindResults;+9
j  org.sikuli.script.Finder.findText(Ljava/lang/String;)Ljava/lang/String;+14
j  org.sikuli.script.Region.doFind(Ljava/lang/Object;Lorg/sikuli/script/Region$RepeatableFind;)Lorg/sikuli/script/Match;+318
j  org.sikuli.script.Region.access$300(Lorg/sikuli/script/Region;Ljava/lang/Object;Lorg/sikuli/script/Region$RepeatableFind;)Lorg/sikuli/script/Match;+3
j  org.sikuli.script.Region$RepeatableFind.run()V+10
j  org.sikuli.script.Region$Repeatable.repeat(D)Z+52
j  org.sikuli.script.Region.wait(Ljava/lang/Object;D)Lorg/sikuli/script/Match;+68
j  org.sikuli.script.Region.findText(Ljava/lang/String;D)Lorg/sikuli/script/Match;+26
j  org.sikuli.script.Region.findText(Ljava/lang/String;)Lorg/sikuli/script/Match;+6
j  SelFrDemo.Sikuli.main([Ljava/lang/String;)V+51
v  ~StubRoutines::call_stub

---------------  P R O C E S S  ---------------

Java Threads: ( => current thread )
  0x00000000584a6800 JavaThread "AWT-Windows" daemon [_thread_in_native, id=8564, stack(0x0000000059ed0000,0x0000000059fd0000)]
  0x00000000565c7800 JavaThread "AWT-Shutdown" [_thread_blocked, id=8416, stack(0x0000000059c20000,0x0000000059d20000)]
  0x00000000565c7000 JavaThread "Java2D Disposer" daemon [_thread_blocked, id=2980, stack(0x0000000059d40000,0x0000000059e40000)]
  0x0000000057a87800 JavaThread "Thread-4" daemon [_thread_in_native, id=748, stack(0x0000000056ee0000,0x0000000056fe0000)]
  0x0000000057a87000 JavaThread "Thread-3" daemon [_thread_in_native, id=8672, stack(0x00000000593e0000,0x00000000594e0000)]
  0x00000000578cc000 JavaThread "Thread-2" [_thread_in_native, id=8568, stack(0x0000000057bf0000,0x0000000057cf0000)]
  0x000000005655f800 JavaThread "Service Thread" daemon [_thread_blocked, id=6176, stack(0x0000000057120000,0x0000000057220000)]
  0x00000000564ed000 JavaThread "C1 CompilerThread2" daemon [_thread_blocked, id=8460, stack(0x0000000056ff0000,0x00000000570f0000)]
  0x000000005517b000 JavaThread "C2 CompilerThread1" daemon [_thread_blocked, id=8456, stack(0x00000000561a0000,0x00000000562a0000)]
  0x00000000564db000 JavaThread "C2 CompilerThread0" daemon [_thread_blocked, id=8404, stack(0x0000000056dc0000,0x0000000056ec0000)]
  0x00000000564d8000 JavaThread "Attach Listener" daemon [_thread_blocked, id=8552, stack(0x0000000056bf0000,0x0000000056cf0000)]
  0x00000000564d6800 JavaThread "Signal Dispatcher" daemon [_thread_blocked, id=8548, stack(0x0000000056960000,0x0000000056a60000)]
  0x000000005511a000 JavaThread "Finalizer" daemon [_thread_blocked, id=8468, stack(0x00000000563d0000,0x00000000564d0000)]
  0x000000005510f800 JavaThread "Reference Handler" daemon [_thread_blocked, id=8464, stack(0x00000000562b0000,0x00000000563b0000)]
=>0x000000000038e800 JavaThread "main" [_thread_in_native, id=5848, stack(0x00000000024b0000,0x00000000025b0000)]

Other Threads:
  0x0000000055107800 VMThread [stack: 0x0000000056090000,0x0000000056190000] [id=8544]
  0x0000000056566800 WatcherThread [stack: 0x00000000572b0000,0x00000000573b0000] [id=3744]

VM state:not at safepoint (normal execution)

VM Mutex/Monitor currently owned by a thread: None

Heap:
 PSYoungGen      total 36864K, used 29383K [0x00000000eb200000, 0x00000000ed900000, 0x0000000100000000)
  eden space 33792K, 86% used [0x00000000eb200000,0x00000000ece81ff0,0x00000000ed300000)
  from space 3072K, 6% used [0x00000000ed600000,0x00000000ed630000,0x00000000ed900000)
  to   space 3072K, 0% used [0x00000000ed300000,0x00000000ed300000,0x00000000ed600000)
 ParOldGen       total 64000K, used 25192K [0x00000000c1600000, 0x00000000c5480000, 0x00000000eb200000)
  object space 64000K, 39% used [0x00000000c1600000,0x00000000c2e9a028,0x00000000c5480000)
 Metaspace       used 17419K, capacity 17602K, committed 17920K, reserved 1064960K
  class space    used 2207K, capacity 2238K, committed 2304K, reserved 1048576K

Card table byte_map: [0x0000000011c40000,0x0000000011e40000] byte_map_base: 0x0000000011635000

Marking Bits: (ParMarkBitMap*) 0x000000005a8213b0
 Begin Bits: [0x0000000012630000, 0x00000000135d8000)
 End Bits:   [0x00000000135d8000, 0x0000000014580000)

Polling page: 0x0000000000360000

CodeCache: size=245760Kb used=4338Kb max_used=4358Kb free=241421Kb
 bounds [0x0000000002880000, 0x0000000002cd0000, 0x0000000011880000]
 total_blobs=1628 nmethods=1160 adapters=382
 compilation: enabled

Compilation events (10 events):
Event: 8.024 Thread 0x00000000564ed000 nmethod 1154 0x0000000002c9ba50 code [0x0000000002c9bba0, 0x0000000002c9bd10]
Event: 8.024 Thread 0x000000005517b000 1157       4       sun.awt.image.ByteInterleavedRaster::setDataElements (119 bytes)
Event: 8.029 Thread 0x000000005517b000 nmethod 1157 0x0000000002ca64d0 code [0x0000000002ca6620, 0x0000000002ca68b8]
Event: 8.033 Thread 0x00000000564ed000 1158 %     3       sun.java2d.loops.OpaqueCopyArgbToAny::Blit @ 172 (232 bytes)
Event: 8.034 Thread 0x00000000564ed000 nmethod 1158% 0x0000000002cb74d0 code [0x0000000002cb7740, 0x0000000002cb8a18]
Event: 8.037 Thread 0x00000000564ed000 1159       3       sun.java2d.loops.OpaqueCopyArgbToAny::Blit (232 bytes)
Event: 8.039 Thread 0x00000000564ed000 nmethod 1159 0x0000000002cb9910 code [0x0000000002cb9b60, 0x0000000002cbaa58]
Event: 8.044 Thread 0x000000005517b000 1160 %     4       sun.java2d.loops.OpaqueCopyArgbToAny::Blit @ 172 (232 bytes)
Event: 8.133 Thread 0x000000005517b000 nmethod 1160% 0x0000000002ca7090 code [0x0000000002ca7220, 0x0000000002ca7b48]
Event: 8.189 Thread 0x00000000564db000 nmethod 1156 0x0000000002cc1e90 code [0x0000000002cc2420, 0x0000000002cc6460]

GC Heap History (10 events):
Event: 1.350 GC heap before
{Heap before GC invocations=10 (full 0):
 PSYoungGen      total 9728K, used 9523K [0x00000000eb200000, 0x00000000ec200000, 0x0000000100000000)
  eden space 8192K, 100% used [0x00000000eb200000,0x00000000eba00000,0x00000000eba00000)
  from space 1536K, 86% used [0x00000000eba00000,0x00000000ebb4cd10,0x00000000ebb80000)
  to   space 1536K, 0% used [0x00000000ec080000,0x00000000ec080000,0x00000000ec200000)
 ParOldGen       total 64000K, used 1397K [0x00000000c1600000, 0x00000000c5480000, 0x00000000eb200000)
  object space 64000K, 2% used [0x00000000c1600000,0x00000000c175d410,0x00000000c5480000)
 Metaspace       used 8018K, capacity 8128K, committed 8320K, reserved 1056768K
  class space    used 1024K, capacity 1072K, committed 1152K, reserved 1048576K
Event: 1.352 GC heap after
Heap after GC invocations=10 (full 0):
 PSYoungGen      total 14848K, used 1164K [0x00000000eb200000, 0x00000000ec200000, 0x0000000100000000)
  eden space 13312K, 0% used [0x00000000eb200000,0x00000000eb200000,0x00000000ebf00000)
  from space 1536K, 75% used [0x00000000ec080000,0x00000000ec1a3060,0x00000000ec200000)
  to   space 1536K, 0% used [0x00000000ebf00000,0x00000000ebf00000,0x00000000ec080000)
 ParOldGen       total 64000K, used 1869K [0x00000000c1600000, 0x00000000c5480000, 0x00000000eb200000)
  object space 64000K, 2% used [0x00000000c1600000,0x00000000c17d3438,0x00000000c5480000)
 Metaspace       used 8018K, capacity 8128K, committed 8320K, reserved 1056768K
  class space    used 1024K, capacity 1072K, committed 1152K, reserved 1048576K
}
Event: 1.695 GC heap before
{Heap before GC invocations=11 (full 0):
 PSYoungGen      total 14848K, used 14476K [0x00000000eb200000, 0x00000000ec200000, 0x0000000100000000)
  eden space 13312K, 100% used [0x00000000eb200000,0x00000000ebf00000,0x00000000ebf00000)
  from space 1536K, 75% used [0x00000000ec080000,0x00000000ec1a3060,0x00000000ec200000)
  to   space 1536K, 0% used [0x00000000ebf00000,0x00000000ebf00000,0x00000000ec080000)
 ParOldGen       total 64000K, used 1869K [0x00000000c1600000, 0x00000000c5480000, 0x00000000eb200000)
  object space 64000K, 2% used [0x00000000c1600000,0x00000000c17d3438,0x00000000c5480000)
 Metaspace       used 10859K, capacity 10998K, committed 11264K, reserved 1058816K
  class space    used 1403K, capacity 1429K, committed 1536K, reserved 1048576K
Event: 1.710 GC heap after
Heap after GC invocations=11 (full 0):
 PSYoungGen      total 14848K, used 1500K [0x00000000eb200000, 0x00000000ecb00000, 0x0000000100000000)
  eden space 13312K, 0% used [0x00000000eb200000,0x00000000eb200000,0x00000000ebf00000)
  from space 1536K, 97% used [0x00000000ebf00000,0x00000000ec0771f0,0x00000000ec080000)
  to   space 2048K, 0% used [0x00000000ec900000,0x00000000ec900000,0x00000000ecb00000)
 ParOldGen       total 64000K, used 2157K [0x00000000c1600000, 0x00000000c5480000, 0x00000000eb200000)
  object space 64000K, 3% used [0x00000000c1600000,0x00000000c181b458,0x00000000c5480000)
 Metaspace       used 10859K, capacity 10998K, committed 11264K, reserved 1058816K
  class space    used 1403K, capacity 1429K, committed 1536K, reserved 1048576K
}
Event: 4.681 GC heap before
{Heap before GC invocations=12 (full 0):
 PSYoungGen      total 14848K, used 14812K [0x00000000eb200000, 0x00000000ecb00000, 0x0000000100000000)
  eden space 13312K, 100% used [0x00000000eb200000,0x00000000ebf00000,0x00000000ebf00000)
  from space 1536K, 97% used [0x00000000ebf00000,0x00000000ec0771f0,0x00000000ec080000)
  to   space 2048K, 0% used [0x00000000ec900000,0x00000000ec900000,0x00000000ecb00000)
 ParOldGen       total 64000K, used 2157K [0x00000000c1600000, 0x00000000c5480000, 0x00000000eb200000)
  object space 64000K, 3% used [0x00000000c1600000,0x00000000c181b458,0x00000000c5480000)
 Metaspace       used 12698K, capacity 12834K, committed 13056K, reserved 1060864K
  class space    used 1669K, capacity 1694K, committed 1792K, reserved 1048576K
Event: 4.704 GC heap after
Heap after GC invocations=12 (full 0):
 PSYoungGen      total 23040K, used 2036K [0x00000000eb200000, 0x00000000ecc00000, 0x0000000100000000)
  eden space 20992K, 0% used [0x00000000eb200000,0x00000000eb200000,0x00000000ec680000)
  from space 2048K, 99% used [0x00000000ec900000,0x00000000ecafd390,0x00000000ecb00000)
  to   space 2560K, 0% used [0x00000000ec680000,0x00000000ec680000,0x00000000ec900000)
 ParOldGen       total 64000K, used 2850K [0x00000000c1600000, 0x00000000c5480000, 0x00000000eb200000)
  object space 64000K, 4% used [0x00000000c1600000,0x00000000c18c8b58,0x00000000c5480000)
 Metaspace       used 12698K, capacity 12834K, committed 13056K, reserved 1060864K
  class space    used 1669K, capacity 1694K, committed 1792K, reserved 1048576K
}
Event: 7.825 GC heap before
{Heap before GC invocations=13 (full 0):
 PSYoungGen      total 23040K, used 22092K [0x00000000eb200000, 0x00000000ecc00000, 0x0000000100000000)
  eden space 20992K, 95% used [0x00000000eb200000,0x00000000ec595db0,0x00000000ec680000)
  from space 2048K, 99% used [0x00000000ec900000,0x00000000ecafd390,0x00000000ecb00000)
  to   space 2560K, 0% used [0x00000000ec680000,0x00000000ec680000,0x00000000ec900000)
 ParOldGen       total 64000K, used 2850K [0x00000000c1600000, 0x00000000c5480000, 0x00000000eb200000)
  object space 64000K, 4% used [0x00000000c1600000,0x00000000c18c8b58,0x00000000c5480000)
 Metaspace       used 16760K, capacity 16898K, committed 17024K, reserved 1064960K
  class space    used 2141K, capacity 2174K, committed 2176K, reserved 1048576K
Event: 7.829 GC heap after
Heap after GC invocations=13 (full 0):
 PSYoungGen      total 23552K, used 2535K [0x00000000eb200000, 0x00000000ed900000, 0x0000000100000000)
  eden space 20992K, 0% used [0x00000000eb200000,0x00000000eb200000,0x00000000ec680000)
  from space 2560K, 99% used [0x00000000ec680000,0x00000000ec8f9c70,0x00000000ec900000)
  to   space 3072K, 0% used [0x00000000ed600000,0x00000000ed600000,0x00000000ed900000)
 ParOldGen       total 64000K, used 3930K [0x00000000c1600000, 0x00000000c5480000, 0x00000000eb200000)
  object space 64000K, 6% used [0x00000000c1600000,0x00000000c19d6a08,0x00000000c5480000)
 Metaspace       used 16760K, capacity 16898K, committed 17024K, reserved 1064960K
  class space    used 2141K, capacity 2174K, committed 2176K, reserved 1048576K
}
Event: 8.048 GC heap before
{Heap before GC invocations=14 (full 0):
 PSYoungGen      total 23552K, used 23527K [0x00000000eb200000, 0x00000000ed900000, 0x0000000100000000)
  eden space 20992K, 100% used [0x00000000eb200000,0x00000000ec680000,0x00000000ec680000)
  from space 2560K, 99% used [0x00000000ec680000,0x00000000ec8f9c70,0x00000000ec900000)
  to   space 3072K, 0% used [0x00000000ed600000,0x00000000ed600000,0x00000000ed900000)
 ParOldGen       total 64000K, used 3930K [0x00000000c1600000, 0x00000000c5480000, 0x00000000eb200000)
  object space 64000K, 6% used [0x00000000c1600000,0x00000000c19d6a08,0x00000000c5480000)
 Metaspace       used 17411K, capacity 17602K, committed 17920K, reserved 1064960K
  class space    used 2205K, capacity 2238K, committed 2304K, reserved 1048576K
Event: 8.132 GC heap after
Heap after GC invocations=14 (full 0):
 PSYoungGen      total 36864K, used 192K [0x00000000eb200000, 0x00000000ed900000, 0x0000000100000000)
  eden space 33792K, 0% used [0x00000000eb200000,0x00000000eb200000,0x00000000ed300000)
  from space 3072K, 6% used [0x00000000ed600000,0x00000000ed630000,0x00000000ed900000)
  to   space 3072K, 0% used [0x00000000ed300000,0x00000000ed300000,0x00000000ed600000)
 ParOldGen       total 64000K, used 25192K [0x00000000c1600000, 0x00000000c5480000, 0x00000000eb200000)
  object space 64000K, 39% used [0x00000000c1600000,0x00000000c2e9a028,0x00000000c5480000)
 Metaspace       used 17411K, capacity 17602K, committed 17920K, reserved 1064960K
  class space    used 2205K, capacity 2238K, committed 2304K, reserved 1048576K
}

Deoptimization events (3 events):
Event: 1.271 Thread 0x000000000038e800 Uncommon trap: reason=unreached action=reinterpret pc=0x0000000002a91560 method=java.lang.AbstractStringBuilder.append(Ljava/lang/String;)Ljava/lang/AbstractStringBuilder; @ 1
Event: 1.571 Thread 0x000000000038e800 Uncommon trap: reason=unreached action=reinterpret pc=0x0000000002a6f8e4 method=java.lang.AbstractStringBuilder.append(Ljava/lang/String;)Ljava/lang/AbstractStringBuilder; @ 1
Event: 7.469 Thread 0x000000000038e800 Uncommon trap: reason=bimorphic action=maybe_recompile pc=0x0000000002c078a4 method=java.util.HashMap.putVal(ILjava/lang/Object;Ljava/lang/Object;ZZ)Ljava/lang/Object; @ 203

Internal exceptions (10 events):
Event: 7.821 Thread 0x000000000038e800 Exception <a 'java/security/PrivilegedActionException'> (0x00000000ec52bb08) thrown at [D:\re\workspace\8-2-build-windows-amd64-cygwin\jdk8\2238\hotspot\src\share\vm\prims\jvm.cpp, line 1248]
Event: 7.821 Thread 0x000000000038e800 Exception <a 'java/security/PrivilegedActionException'> (0x00000000ec535fa8) thrown at [D:\re\workspace\8-2-build-windows-amd64-cygwin\jdk8\2238\hotspot\src\share\vm\prims\jvm.cpp, line 1248]
Event: 7.822 Thread 0x000000000038e800 Exception <a 'java/security/PrivilegedActionException'> (0x00000000ec542f00) thrown at [D:\re\workspace\8-2-build-windows-amd64-cygwin\jdk8\2238\hotspot\src\share\vm\prims\jvm.cpp, line 1248]
Event: 7.822 Thread 0x000000000038e800 Exception <a 'java/security/PrivilegedActionException'> (0x00000000ec54d170) thrown at [D:\re\workspace\8-2-build-windows-amd64-cygwin\jdk8\2238\hotspot\src\share\vm\prims\jvm.cpp, line 1248]
Event: 7.823 Thread 0x000000000038e800 Exception <a 'java/security/PrivilegedActionException'> (0x00000000ec55cee0) thrown at [D:\re\workspace\8-2-build-windows-amd64-cygwin\jdk8\2238\hotspot\src\share\vm\prims\jvm.cpp, line 1248]
Event: 7.868 Thread 0x000000000038e800 Exception <a 'java/security/PrivilegedActionException'> (0x00000000eb601ef0) thrown at [D:\re\workspace\8-2-build-windows-amd64-cygwin\jdk8\2238\hotspot\src\share\vm\prims\jvm.cpp, line 1248]
Event: 7.869 Thread 0x000000000038e800 Exception <a 'java/security/PrivilegedActionException'> (0x00000000eb60ca18) thrown at [D:\re\workspace\8-2-build-windows-amd64-cygwin\jdk8\2238\hotspot\src\share\vm\prims\jvm.cpp, line 1248]
Event: 7.869 Thread 0x000000000038e800 Exception <a 'java/security/PrivilegedActionException'> (0x00000000eb618098) thrown at [D:\re\workspace\8-2-build-windows-amd64-cygwin\jdk8\2238\hotspot\src\share\vm\prims\jvm.cpp, line 1248]
Event: 8.213 Thread 0x000000000038e800 Exception <a 'java/security/PrivilegedActionException'> (0x00000000ece10bc8) thrown at [D:\re\workspace\8-2-build-windows-amd64-cygwin\jdk8\2238\hotspot\src\share\vm\prims\jvm.cpp, line 1248]
Event: 8.220 Thread 0x000000000038e800 Exception <a 'java/security/PrivilegedActionException'> (0x00000000ece18570) thrown at [D:\re\workspace\8-2-build-windows-amd64-cygwin\jdk8\2238\hotspot\src\share\vm\prims\jvm.cpp, line 1248]

Events (10 events):
Event: 7.949 Thread 0x000000000038e800 DEOPT PACKING pc=0x0000000002c9f4e2 sp=0x00000000025ae2b0
Event: 7.949 Thread 0x000000000038e800 DEOPT UNPACKING pc=0x00000000028c7604 sp=0x00000000025ae0f0 mode 0
Event: 8.048 Executing VM operation: ParallelGCFailedAllocation
Event: 8.132 Executing VM operation: ParallelGCFailedAllocation done
Event: 8.133 Thread 0x000000000038e800 DEOPT PACKING pc=0x0000000002cb8841 sp=0x00000000025ae350
Event: 8.133 Thread 0x000000000038e800 DEOPT UNPACKING pc=0x00000000028c7604 sp=0x00000000025ae180 mode 0
Event: 8.213 loading class org/sikuli/natives/Mat
Event: 8.213 loading class org/sikuli/natives/Mat done
Event: 8.220 loading class org/sikuli/natives/FindResults
Event: 8.220 loading class org/sikuli/natives/FindResults done


Dynamic libraries:
0x000000013ffd0000 - 0x0000000140004000 	C:\Program Files\Java\jdk1.8.0\bin\javaw.exe
0x00000000771f0000 - 0x000000007739a000 	C:\Windows\SYSTEM32\ntdll.dll
0x00000000770d0000 - 0x00000000771ef000 	C:\Windows\system32\kernel32.dll
0x000007fefd200000 - 0x000007fefd26a000 	C:\Windows\system32\KERNELBASE.dll
0x000007fefd5c0000 - 0x000007fefd69b000 	C:\Windows\system32\ADVAPI32.dll
0x000007fefe180000 - 0x000007fefe21f000 	C:\Windows\system32\msvcrt.dll
0x000007fefe140000 - 0x000007fefe15f000 	C:\Windows\SYSTEM32\sechost.dll
0x000007fefdf40000 - 0x000007fefe06d000 	C:\Windows\system32\RPCRT4.dll
0x0000000076fd0000 - 0x00000000770ca000 	C:\Windows\system32\USER32.dll
0x000007feff190000 - 0x000007feff1f7000 	C:\Windows\system32\GDI32.dll
0x000007fefda00000 - 0x000007fefda0e000 	C:\Windows\system32\LPK.dll
0x000007fefe070000 - 0x000007fefe13a000 	C:\Windows\system32\USP10.dll
0x000007fefb1c0000 - 0x000007fefb3b4000 	C:\Windows\WinSxS\amd64_microsoft.windows.common-controls_6595b64144ccf1df_6.0.7601.18837_none_fa3b1e3d17594757\COMCTL32.dll
0x000007fefd6a0000 - 0x000007fefd711000 	C:\Windows\system32\SHLWAPI.dll
0x000007fefd2e0000 - 0x000007fefd30e000 	C:\Windows\system32\IMM32.DLL
0x000007fefda10000 - 0x000007fefdb19000 	C:\Windows\system32\MSCTF.dll
0x000007fef3420000 - 0x000007fef34ca000 	C:\Program Files\McAfee\Endpoint Security\Threat Prevention\Ips\EpMPApi.dll
0x0000000071dd0000 - 0x0000000071ddb000 	C:\Program Files\McAfee\Endpoint Security\Threat Prevention\Ips\EpMPThe.dll
0x00000000683c0000 - 0x0000000068492000 	C:\Program Files\Java\jdk1.8.0\jre\bin\msvcr100.dll
0x000000005a070000 - 0x000000005a89a000 	C:\Program Files\Java\jdk1.8.0\jre\bin\server\jvm.dll
0x000007fef6f30000 - 0x000007fef6f39000 	C:\Windows\system32\WSOCK32.dll
0x000007fefde50000 - 0x000007fefde9d000 	C:\Windows\system32\WS2_32.dll
0x000007feff200000 - 0x000007feff208000 	C:\Windows\system32\NSI.dll
0x000007fefa9e0000 - 0x000007fefaa1b000 	C:\Windows\system32\WINMM.dll
0x00000000773c0000 - 0x00000000773c7000 	C:\Windows\system32\PSAPI.DLL
0x0000000073d90000 - 0x0000000073d9f000 	C:\Program Files\Java\jdk1.8.0\jre\bin\verify.dll
0x0000000073b20000 - 0x0000000073b48000 	C:\Program Files\Java\jdk1.8.0\jre\bin\java.dll
0x0000000073b00000 - 0x0000000073b16000 	C:\Program Files\Java\jdk1.8.0\jre\bin\zip.dll
0x000007fefe400000 - 0x000007feff18a000 	C:\Windows\system32\SHELL32.dll
0x000007feff210000 - 0x000007feff413000 	C:\Windows\system32\ole32.dll
0x000007fefcf30000 - 0x000007fefcf3f000 	C:\Windows\system32\profapi.dll
0x0000000073ae0000 - 0x0000000073afa000 	C:\Program Files\Java\jdk1.8.0\jre\bin\net.dll
0x000007fefc700000 - 0x000007fefc755000 	C:\Windows\system32\mswsock.dll
0x000007fefc6f0000 - 0x000007fefc6f7000 	C:\Windows\System32\wship6.dll
0x000007fefc0d0000 - 0x000007fefc0d7000 	C:\Windows\System32\wshtcpip.dll
0x000007fefc580000 - 0x000007fefc5db000 	C:\Windows\system32\DNSAPI.dll
0x000007fefad40000 - 0x000007fefad67000 	C:\Windows\system32\IPHLPAPI.DLL
0x000007fefad30000 - 0x000007fefad3b000 	C:\Windows\system32\WINNSI.DLL
0x000007fef8060000 - 0x000007fef8068000 	C:\Windows\system32\rasadhlp.dll
0x000007fefaa70000 - 0x000007fefaac3000 	C:\Windows\System32\fwpuclnt.dll
0x000007fefaa40000 - 0x000007fefaa58000 	C:\Windows\system32\dhcpcsvc.DLL
0x000007fefaa20000 - 0x000007fefaa31000 	C:\Windows\system32\dhcpcsvc6.DLL
0x000007fefc760000 - 0x000007fefc778000 	C:\Windows\system32\CRYPTSP.dll
0x000007fefc460000 - 0x000007fefc4a7000 	C:\Windows\system32\rsaenh.dll
0x000007fefd280000 - 0x000007fefd29e000 	C:\Windows\system32\USERENV.dll
0x000007fefcdc0000 - 0x000007fefcdcf000 	C:\Windows\system32\CRYPTBASE.dll
0x000007fefb890000 - 0x000007fefb8a5000 	C:\Windows\system32\NLAapi.dll
0x000007fef80b0000 - 0x000007fef80c5000 	C:\Windows\system32\napinsp.dll
0x000007fef8090000 - 0x000007fef80a9000 	C:\Windows\system32\pnrpnsp.dll
0x000007fef8080000 - 0x000007fef808b000 	C:\Windows\System32\winrnr.dll
0x000007fef8070000 - 0x000007fef8080000 	C:\Windows\system32\wshbth.dll
0x0000000073ac0000 - 0x0000000073ad1000 	C:\Program Files\Java\jdk1.8.0\jre\bin\nio.dll
0x0000000073a90000 - 0x0000000073ab4000 	C:\Program Files\Java\jdk1.8.0\jre\bin\sunec.dll
0x000007fefcd60000 - 0x000007fefcdb7000 	C:\Windows\system32\apphelp.dll
0x000007fef44e0000 - 0x000007fef4509000 	C:\Users\vinayak.bansal\AppData\Local\Temp\BridJExtractedLibraries6358736882865635205\bridj.dll
0x00000000681c0000 - 0x0000000068224000 	D:\Software\SeleniumRelatedJars\libs\VisionProxy.dll
0x0000000061440000 - 0x000000006145a000 	D:\Software\SeleniumRelatedJars\libs\libgcc_s_seh-1.dll
0x0000000064940000 - 0x0000000064955000 	D:\Software\SeleniumRelatedJars\libs\libwinpthread-1.dll
0x000000006fc40000 - 0x000000006fd2a000 	D:\Software\SeleniumRelatedJars\libs\libstdc++-6.dll
0x00000000631c0000 - 0x0000000063295000 	D:\Software\SeleniumRelatedJars\libs\libopencv_highgui248.dll
0x000000006fd80000 - 0x000000006ff7e000 	D:\Software\SeleniumRelatedJars\libs\libopencv_core248.dll
0x0000000065d80000 - 0x0000000065fd7000 	D:\Software\SeleniumRelatedJars\libs\libopencv_imgproc248.dll
0x0000000068a00000 - 0x0000000068d9e000 	D:\Software\SeleniumRelatedJars\libs\libtesseract-3.dll
0x000000006ef80000 - 0x000000006f135000 	D:\Software\SeleniumRelatedJars\libs\liblept-3.dll
0x0000000061a00000 - 0x0000000061a32000 	D:\Software\SeleniumRelatedJars\libs\libpng14-14.dll
0x0000000065500000 - 0x0000000065523000 	D:\Software\SeleniumRelatedJars\libs\libz-1.dll
0x0000000064290000 - 0x0000000064426000 	C:\Program Files\Java\jdk1.8.0\jre\bin\awt.dll
0x000007feff420000 - 0x000007feff4fa000 	C:\Windows\system32\OLEAUT32.dll
0x000007fefa8e0000 - 0x000007fefa8f8000 	C:\Windows\system32\DWMAPI.DLL
0x000007fefafb0000 - 0x000007fefb006000 	C:\Windows\system32\uxtheme.dll
0x000007fee9860000 - 0x000007fee9a5f000 	C:\Windows\system32\d3d9.dll
0x000007fefc000000 - 0x000007fefc00c000 	C:\Windows\system32\VERSION.dll
0x000007fefa5d0000 - 0x000007fefa5d7000 	C:\Windows\system32\d3d8thk.dll
0x000007fee6220000 - 0x000007fee79c7000 	C:\Windows\system32\igdumdim64.dll
0x000007feef870000 - 0x000007fef0254000 	C:\Windows\system32\igdusc64.dll
0x000007fef7bf0000 - 0x000007fef7d15000 	C:\Windows\system32\dbghelp.dll

VM Arguments:
jvm_args: -Dfile.encoding=Cp1252 
java_command: SelFrDemo.Sikuli
java_class_path (initial): D:\Vinayak\workspace\Demo\bin;D:\Eclipse Luna\eclipse-java-luna-SR2-win32-x86_64\eclipse\plugins\org.testng.eclipse_6.9.11.201604020423\lib\testng.jar;D:\Eclipse Luna\eclipse-java-luna-SR2-win32-x86_64\eclipse\plugins\org.testng.eclipse_6.9.11.201604020423\lib\jcommander.jar;D:\Eclipse Luna\eclipse-java-luna-SR2-win32-x86_64\eclipse\plugins\org.testng.eclipse_6.9.11.201604020423\lib\bsh-2.0b4.jar;D:\Eclipse Luna\eclipse-java-luna-SR2-win32-x86_64\eclipse\plugins\org.testng.eclipse_6.9.11.201604020423\lib\snakeyaml.jar;D:\Software\SeleniumRelatedJars\activation-2.2.1.jar;D:\Software\SeleniumRelatedJars\apache-mime4j-0.6.jar;D:\Software\SeleniumRelatedJars\bsh-1.3.0.jar;D:\Software\SeleniumRelatedJars\cglib-nodep-2.1_3.jar;D:\Software\SeleniumRelatedJars\collections.jar;D:\Software\SeleniumRelatedJars\commons-codec-1.9.jar;D:\Software\SeleniumRelatedJars\commons-codec-1.10.jar;D:\Software\SeleniumRelatedJars\commons-collections-3.2.1.jar;D:\Software\SeleniumRelatedJars\commons-el-1.0.jar;D:\Software\SeleniumRelatedJars\commons-exec-1.1.jar;D:\Software\SeleniumRelatedJars\commons-exec-1.3.jar;D:\Software\SeleniumRelatedJars\commons-io-2.4.jar;D:\Software\SeleniumRelatedJars\commons-jxpath-1.3.jar;D:\Software\SeleniumRelatedJars\commons-lang3-3.3.2.jar;D:\Software\SeleniumRelatedJars\commons-lang3-3.4.jar;D:\Software\SeleniumRelatedJars\commons-logging-1.1.3.jar;D:\Software\SeleniumRelatedJars\cssparser-0.9.14.jar;D:\Software\SeleniumRelatedJars\cssparser-0.9.16.jar;D:\Software\SeleniumRelatedJars\dom4j-1.6.1.jar;D:\Software\SeleniumRelatedJars\extentreports-java-2.10.jar;D:\Software\SeleniumRelatedJars\gson-2.3.1.jar;D:\Software\SeleniumRelatedJars\gson-2.3.jar;D:\Software\SeleniumRelatedJars\guava-18.0.jar;D:\Software\SeleniumRelatedJars\hamcrest-core-1.3.jar;D:\Software\SeleniumRelatedJars\hamcrest-library-1.3.jar;D:\Software\SeleniumRelatedJars\htmlunit-2.15.jar;D:\Software\SeleniumRelatedJars\htmlunit-2.18.jar;D:\Software\SeleniumRelate
Launcher Type: SUN_STANDARD

Environment Variables:
PATH=D:\Software\SeleniumRelatedJars\libs;C:/Program Files/Java/jdk1.8.0/jre/bin/server;C:/Program Files/Java/jdk1.8.0/jre/bin;C:/Program Files/Java/jdk1.8.0/jre/lib/amd64;C:\ProgramData\Oracle\Java\javapath;C:\Windows\system32;C:\Windows;C:\Windows\System32\Wbem;C:\Windows\System32\WindowsPowerShell\v1.0\;C:\Program Files\Intel\WiFi\bin\;C:\Program Files\Common Files\Intel\WirelessCommon\;C:\Program Files\McAfee\Endpoint Security\Firewall\;C:\Program Files (x86)\Skype\Phone\;D:\SDK\tools;D:\SDK\platform-tools\;;C:\Android;C:\Windows\System32;C:\Program Files\Java\jdk1.8.0\bin;D:\Eclipse Luna\eclipse-java-luna-SR2-win32-x86_64\eclipse;
USERNAME=vinayak.bansal
OS=Windows_NT
PROCESSOR_IDENTIFIER=Intel64 Family 6 Model 69 Stepping 1, GenuineIntel



---------------  S Y S T E M  ---------------

OS: Windows 7 , 64 bit Build 7601 Service Pack 1

CPU:total 4 (2 cores per cpu, 2 threads per core) family 6 model 69 stepping 1, cmov, cx8, fxsr, mmx, sse, sse2, sse3, ssse3, sse4.1, sse4.2, popcnt, avx, avx2, aes, clmul, erms, ht, tsc, tscinvbit

Memory: 4k page, physical 4097480k(443872k free), swap 8193100k(3143744k free)

vm_info: Java HotSpot(TM) 64-Bit Server VM (25.0-b70) for windows-amd64 JRE (1.8.0-b132), built on Mar  4 2014 03:46:18 by "java_re" with MS VC++ 10.0 (VS2010)

time: Thu Feb 23 20:21:22 2017
elapsed time: 8 seconds

